<?xml version="1.0" encoding="UTF-8"?>
<testsuite xmlns:xsi="http://www.w3.org/2001/XMLSchema-instance" xsi:noNamespaceSchemaLocation="https://maven.apache.org/surefire/maven-surefire-plugin/xsd/surefire-test-report.xsd" version="3.0.2" name="TestSuite" time="669.576" tests="27" errors="0" skipped="12" failures="9">
  <properties>
[...]
</properties>
  <testcase name="NewUser_Registration" classname="amazon_project1.Project1_Amazon.TestCase1_NewUser_Registration" time="0.0">
    <skipped message="Element &lt;span class=&quot;nav-action-inner&quot;&gt; could not be scrolled into view&#10;Build info: version: &apos;4.27.0&apos;, revision: &apos;d6e718d134&apos;&#10;System info: os.name: &apos;Mac OS X&apos;, os.arch: &apos;aarch64&apos;, os.version: &apos;15.2&apos;, java.version: &apos;17.0.12&apos;&#10;Driver info: org.openqa.selenium.firefox.FirefoxDriver&#10;Command: [4352265f-e803-413c-85a0-940a7a602e6e, clickElement {id=408ca6a2-f509-4d7b-aa90-ced6a8a206c1}]&#10;Capabilities {acceptInsecureCerts: true, browserName: firefox, browserVersion: 134.0.2, moz:accessibilityChecks: false, moz:buildID: 20250120135430, moz:debuggerAddress: 127.0.0.1:26045, moz:geckodriverVersion: 0.35.0, moz:headless: false, moz:platformVersion: 24.2.0, moz:processID: 28582, moz:profile: /var/folders/9p/klwwjzts4m1..., moz:shutdownTimeout: 60000, moz:webdriverClick: true, moz:windowless: false, pageLoadStrategy: normal, platformName: mac, proxy: Proxy(), se:cdp: ws://127.0.0.1:26045/devtoo..., se:cdpVersion: 85.0, setWindowRect: true, strictFileInteractability: false, timeouts: {implicit: 0, pageLoad: 300000, script: 30000}, unhandledPromptBehavior: dismiss and notify, userAgent: Mozilla/5.0 (Macintosh; Int...}&#10;Element: [[FirefoxDriver: firefox on mac (4352265f-e803-413c-85a0-940a7a602e6e)] -&gt; xpath: (//span[.=&apos;Sign in&apos;])[1]]&#10;Session ID: 4352265f-e803-413c-85a0-940a7a602e6e"/>
    <system-out><![CDATA[Test started
]]></system-out>
    <system-err><![CDATA[ERROR StatusLogger No log4j2 configuration file found. Using default configuration: logging only errors to the console.
Jan 30, 2025 4:51:15 PM org.openqa.selenium.firefox.FirefoxDriver <init>
WARNING: CDP support for Firefox is deprecated and will be removed in future versions. Please switch to WebDriver BiDi.
]]></system-err>
  </testcase>
  <testcase name="NewUser_Registration" classname="amazon_project1.Project1_Amazon.TestCase1_NewUser_Registration" time="14.181">
    <failure message="Unable to locate element: (//span[.=&apos;Sign in&apos;])[1]&#10;For documentation on this error, please visit: https://www.selenium.dev/documentation/webdriver/troubleshooting/errors#no-such-element-exception&#10;Build info: version: &apos;4.27.0&apos;, revision: &apos;d6e718d134&apos;&#10;System info: os.name: &apos;Mac OS X&apos;, os.arch: &apos;aarch64&apos;, os.version: &apos;15.2&apos;, java.version: &apos;17.0.12&apos;&#10;Driver info: org.openqa.selenium.firefox.FirefoxDriver&#10;Command: [a6326288-0825-443f-bb03-2b0cd7ffdc0e, findElement {value=(//span[.=&apos;Sign in&apos;])[1], using=xpath}]&#10;Capabilities {acceptInsecureCerts: true, browserName: firefox, browserVersion: 134.0.2, moz:accessibilityChecks: false, moz:buildID: 20250120135430, moz:debuggerAddress: 127.0.0.1:14338, moz:geckodriverVersion: 0.35.0, moz:headless: false, moz:platformVersion: 24.2.0, moz:processID: 28607, moz:profile: /var/folders/9p/klwwjzts4m1..., moz:shutdownTimeout: 60000, moz:webdriverClick: true, moz:windowless: false, pageLoadStrategy: normal, platformName: mac, proxy: Proxy(), se:cdp: ws://127.0.0.1:14338/devtoo..., se:cdpVersion: 85.0, setWindowRect: true, strictFileInteractability: false, timeouts: {implicit: 0, pageLoad: 300000, script: 30000}, unhandledPromptBehavior: dismiss and notify, userAgent: Mozilla/5.0 (Macintosh; Int...}&#10;Session ID: a6326288-0825-443f-bb03-2b0cd7ffdc0e" type="org.openqa.selenium.NoSuchElementException"><![CDATA[org.openqa.selenium.NoSuchElementException: 
Unable to locate element: (//span[.='Sign in'])[1]
For documentation on this error, please visit: https://www.selenium.dev/documentation/webdriver/troubleshooting/errors#no-such-element-exception
Build info: version: '4.27.0', revision: 'd6e718d134'
System info: os.name: 'Mac OS X', os.arch: 'aarch64', os.version: '15.2', java.version: '17.0.12'
Driver info: org.openqa.selenium.firefox.FirefoxDriver
Command: [a6326288-0825-443f-bb03-2b0cd7ffdc0e, findElement {value=(//span[.='Sign in'])[1], using=xpath}]
Capabilities {acceptInsecureCerts: true, browserName: firefox, browserVersion: 134.0.2, moz:accessibilityChecks: false, moz:buildID: 20250120135430, moz:debuggerAddress: 127.0.0.1:14338, moz:geckodriverVersion: 0.35.0, moz:headless: false, moz:platformVersion: 24.2.0, moz:processID: 28607, moz:profile: /var/folders/9p/klwwjzts4m1..., moz:shutdownTimeout: 60000, moz:webdriverClick: true, moz:windowless: false, pageLoadStrategy: normal, platformName: mac, proxy: Proxy(), se:cdp: ws://127.0.0.1:14338/devtoo..., se:cdpVersion: 85.0, setWindowRect: true, strictFileInteractability: false, timeouts: {implicit: 0, pageLoad: 300000, script: 30000}, unhandledPromptBehavior: dismiss and notify, userAgent: Mozilla/5.0 (Macintosh; Int...}
Session ID: a6326288-0825-443f-bb03-2b0cd7ffdc0e
	at java.base/jdk.internal.reflect.NativeConstructorAccessorImpl.newInstance0(Native Method)
	at java.base/jdk.internal.reflect.NativeConstructorAccessorImpl.newInstance(NativeConstructorAccessorImpl.java:77)
	at java.base/jdk.internal.reflect.DelegatingConstructorAccessorImpl.newInstance(DelegatingConstructorAccessorImpl.java:45)
	at java.base/java.lang.reflect.Constructor.newInstanceWithCaller(Constructor.java:499)
	at java.base/java.lang.reflect.Constructor.newInstance(Constructor.java:480)
	at org.openqa.selenium.remote.ErrorCodec.decode(ErrorCodec.java:167)
	at org.openqa.selenium.remote.codec.w3c.W3CHttpResponseCodec.decode(W3CHttpResponseCodec.java:138)
	at org.openqa.selenium.remote.codec.w3c.W3CHttpResponseCodec.decode(W3CHttpResponseCodec.java:50)
	at org.openqa.selenium.remote.HttpCommandExecutor.execute(HttpCommandExecutor.java:190)
	at org.openqa.selenium.remote.service.DriverCommandExecutor.invokeExecute(DriverCommandExecutor.java:216)
	at org.openqa.selenium.remote.service.DriverCommandExecutor.execute(DriverCommandExecutor.java:174)
	at org.openqa.selenium.remote.RemoteWebDriver.execute(RemoteWebDriver.java:545)
	at org.openqa.selenium.remote.ElementLocation$ElementFinder$2.findElement(ElementLocation.java:165)
	at org.openqa.selenium.remote.ElementLocation.findElement(ElementLocation.java:59)
	at org.openqa.selenium.remote.RemoteWebDriver.findElement(RemoteWebDriver.java:368)
	at org.openqa.selenium.remote.RemoteWebDriver.findElement(RemoteWebDriver.java:362)
	at org.openqa.selenium.support.pagefactory.DefaultElementLocator.findElement(DefaultElementLocator.java:68)
	at org.openqa.selenium.support.pagefactory.internal.LocatingElementHandler.invoke(LocatingElementHandler.java:38)
	at jdk.proxy2/jdk.proxy2.$Proxy17.click(Unknown Source)
	at amazon_project1.Project1_Amazon.HomePage.signin(HomePage.java:72)
	at amazon_project1.Project1_Amazon.TestCase1_NewUser_Registration.NewUser_Registration(TestCase1_NewUser_Registration.java:15)
	at java.base/jdk.internal.reflect.NativeMethodAccessorImpl.invoke0(Native Method)
	at java.base/jdk.internal.reflect.NativeMethodAccessorImpl.invoke(NativeMethodAccessorImpl.java:77)
	at java.base/jdk.internal.reflect.DelegatingMethodAccessorImpl.invoke(DelegatingMethodAccessorImpl.java:43)
	at java.base/java.lang.reflect.Method.invoke(Method.java:568)
	at org.testng.internal.invokers.MethodInvocationHelper.invokeMethod(MethodInvocationHelper.java:141)
	at org.testng.internal.invokers.TestInvoker.invokeMethod(TestInvoker.java:686)
	at org.testng.internal.invokers.TestInvoker.retryFailed(TestInvoker.java:269)
	at org.testng.internal.invokers.MethodRunner.runInSequence(MethodRunner.java:76)
	at org.testng.internal.invokers.TestInvoker$MethodInvocationAgent.invoke(TestInvoker.java:992)
	at org.testng.internal.invokers.TestInvoker.invokeTestMethods(TestInvoker.java:203)
	at org.testng.internal.invokers.TestMethodWorker.invokeTestMethods(TestMethodWorker.java:154)
	at org.testng.internal.invokers.TestMethodWorker.run(TestMethodWorker.java:134)
	at java.base/java.util.ArrayList.forEach(ArrayList.java:1511)
	at org.testng.TestRunner.privateRun(TestRunner.java:739)
	at org.testng.TestRunner.run(TestRunner.java:614)
	at org.testng.SuiteRunner.runTest(SuiteRunner.java:421)
	at org.testng.SuiteRunner$SuiteWorker.run(SuiteRunner.java:463)
	at org.testng.internal.thread.ThreadUtil.lambda$execute$0(ThreadUtil.java:64)
	at java.base/java.util.concurrent.FutureTask.run(FutureTask.java:264)
	at java.base/java.util.concurrent.ThreadPoolExecutor.runWorker(ThreadPoolExecutor.java:1136)
	at java.base/java.util.concurrent.ThreadPoolExecutor$Worker.run(ThreadPoolExecutor.java:635)
	at java.base/java.lang.Thread.run(Thread.java:842)
]]></failure>
    <system-out><![CDATA[Test started
]]></system-out>
    <system-err><![CDATA[Jan 30, 2025 4:51:28 PM org.openqa.selenium.firefox.FirefoxDriver <init>
WARNING: CDP support for Firefox is deprecated and will be removed in future versions. Please switch to WebDriver BiDi.
]]></system-err>
  </testcase>
  <testcase name="Login_CorrectCredentials" classname="amazon_project1.Project1_Amazon.TestCase2_Login_CorrectCredentials" time="0.0">
    <skipped message="Unable to locate element: (//span[.=&apos;Sign in&apos;])[1]&#10;For documentation on this error, please visit: https://www.selenium.dev/documentation/webdriver/troubleshooting/errors#no-such-element-exception&#10;Build info: version: &apos;4.27.0&apos;, revision: &apos;d6e718d134&apos;&#10;System info: os.name: &apos;Mac OS X&apos;, os.arch: &apos;aarch64&apos;, os.version: &apos;15.2&apos;, java.version: &apos;17.0.12&apos;&#10;Driver info: org.openqa.selenium.firefox.FirefoxDriver&#10;Command: [9ed85e7a-2657-4d17-84d4-d9c08f10c345, findElement {value=(//span[.=&apos;Sign in&apos;])[1], using=xpath}]&#10;Capabilities {acceptInsecureCerts: true, browserName: firefox, browserVersion: 134.0.2, moz:accessibilityChecks: false, moz:buildID: 20250120135430, moz:debuggerAddress: 127.0.0.1:8716, moz:geckodriverVersion: 0.35.0, moz:headless: false, moz:platformVersion: 24.2.0, moz:processID: 28632, moz:profile: /var/folders/9p/klwwjzts4m1..., moz:shutdownTimeout: 60000, moz:webdriverClick: true, moz:windowless: false, pageLoadStrategy: normal, platformName: mac, proxy: Proxy(), se:cdp: ws://127.0.0.1:8716/devtool..., se:cdpVersion: 85.0, setWindowRect: true, strictFileInteractability: false, timeouts: {implicit: 0, pageLoad: 300000, script: 30000}, unhandledPromptBehavior: dismiss and notify, userAgent: Mozilla/5.0 (Macintosh; Int...}&#10;Session ID: 9ed85e7a-2657-4d17-84d4-d9c08f10c345"/>
    <system-out><![CDATA[Test started
]]></system-out>
    <system-err><![CDATA[Jan 30, 2025 4:51:51 PM org.openqa.selenium.firefox.FirefoxDriver <init>
WARNING: CDP support for Firefox is deprecated and will be removed in future versions. Please switch to WebDriver BiDi.
]]></system-err>
  </testcase>
  <testcase name="Login_CorrectCredentials" classname="amazon_project1.Project1_Amazon.TestCase2_Login_CorrectCredentials" time="13.29">
    <system-out><![CDATA[Test started
]]></system-out>
    <system-err><![CDATA[Jan 30, 2025 4:52:13 PM org.openqa.selenium.firefox.FirefoxDriver <init>
WARNING: CDP support for Firefox is deprecated and will be removed in future versions. Please switch to WebDriver BiDi.
]]></system-err>
  </testcase>
  <testcase name="Login_IncorrectCredentials" classname="amazon_project1.Project1_Amazon.TestCase3_Login_IncorrectCredentials" time="0.0">
    <skipped message="Unable to locate element: *[name=&apos;password&apos;]&#10;For documentation on this error, please visit: https://www.selenium.dev/documentation/webdriver/troubleshooting/errors#no-such-element-exception&#10;Build info: version: &apos;4.27.0&apos;, revision: &apos;d6e718d134&apos;&#10;System info: os.name: &apos;Mac OS X&apos;, os.arch: &apos;aarch64&apos;, os.version: &apos;15.2&apos;, java.version: &apos;17.0.12&apos;&#10;Driver info: org.openqa.selenium.firefox.FirefoxDriver&#10;Command: [8fea725c-2376-47e4-a250-800049130596, findElement {value=password, using=name}]&#10;Capabilities {acceptInsecureCerts: true, browserName: firefox, browserVersion: 134.0.2, moz:accessibilityChecks: false, moz:buildID: 20250120135430, moz:debuggerAddress: 127.0.0.1:19622, moz:geckodriverVersion: 0.35.0, moz:headless: false, moz:platformVersion: 24.2.0, moz:processID: 28684, moz:profile: /var/folders/9p/klwwjzts4m1..., moz:shutdownTimeout: 60000, moz:webdriverClick: true, moz:windowless: false, pageLoadStrategy: normal, platformName: mac, proxy: Proxy(), se:cdp: ws://127.0.0.1:19622/devtoo..., se:cdpVersion: 85.0, setWindowRect: true, strictFileInteractability: false, timeouts: {implicit: 0, pageLoad: 300000, script: 30000}, unhandledPromptBehavior: dismiss and notify, userAgent: Mozilla/5.0 (Macintosh; Int...}&#10;Session ID: 8fea725c-2376-47e4-a250-800049130596"/>
    <system-out><![CDATA[Test started
]]></system-out>
    <system-err><![CDATA[Jan 30, 2025 4:52:36 PM org.openqa.selenium.firefox.FirefoxDriver <init>
WARNING: CDP support for Firefox is deprecated and will be removed in future versions. Please switch to WebDriver BiDi.
]]></system-err>
  </testcase>
  <testcase name="Login_IncorrectCredentials" classname="amazon_project1.Project1_Amazon.TestCase3_Login_IncorrectCredentials" time="13.139">
    <system-out><![CDATA[Test started
]]></system-out>
    <system-err><![CDATA[Jan 30, 2025 4:53:06 PM org.openqa.selenium.firefox.FirefoxDriver <init>
WARNING: CDP support for Firefox is deprecated and will be removed in future versions. Please switch to WebDriver BiDi.
]]></system-err>
  </testcase>
  <testcase name="Login_EditProfileInformation" classname="amazon_project1.Project1_Amazon.TestCase4_Login_EditProfileInformation" time="0.0">
    <skipped message="Unable to locate element: (//span[.=&apos;Sign in&apos;])[1]&#10;For documentation on this error, please visit: https://www.selenium.dev/documentation/webdriver/troubleshooting/errors#no-such-element-exception&#10;Build info: version: &apos;4.27.0&apos;, revision: &apos;d6e718d134&apos;&#10;System info: os.name: &apos;Mac OS X&apos;, os.arch: &apos;aarch64&apos;, os.version: &apos;15.2&apos;, java.version: &apos;17.0.12&apos;&#10;Driver info: org.openqa.selenium.firefox.FirefoxDriver&#10;Command: [0b5839d2-998c-46d1-beef-4ad7b525f9de, findElement {value=(//span[.=&apos;Sign in&apos;])[1], using=xpath}]&#10;Capabilities {acceptInsecureCerts: true, browserName: firefox, browserVersion: 134.0.2, moz:accessibilityChecks: false, moz:buildID: 20250120135430, moz:debuggerAddress: 127.0.0.1:32684, moz:geckodriverVersion: 0.35.0, moz:headless: false, moz:platformVersion: 24.2.0, moz:processID: 28740, moz:profile: /var/folders/9p/klwwjzts4m1..., moz:shutdownTimeout: 60000, moz:webdriverClick: true, moz:windowless: false, pageLoadStrategy: normal, platformName: mac, proxy: Proxy(), se:cdp: ws://127.0.0.1:32684/devtoo..., se:cdpVersion: 85.0, setWindowRect: true, strictFileInteractability: false, timeouts: {implicit: 0, pageLoad: 300000, script: 30000}, unhandledPromptBehavior: dismiss and notify, userAgent: Mozilla/5.0 (Macintosh; Int...}&#10;Session ID: 0b5839d2-998c-46d1-beef-4ad7b525f9de"/>
    <system-out><![CDATA[Test started
]]></system-out>
    <system-err><![CDATA[Jan 30, 2025 4:53:28 PM org.openqa.selenium.firefox.FirefoxDriver <init>
WARNING: CDP support for Firefox is deprecated and will be removed in future versions. Please switch to WebDriver BiDi.
]]></system-err>
  </testcase>
  <testcase name="Login_EditProfileInformation" classname="amazon_project1.Project1_Amazon.TestCase4_Login_EditProfileInformation" time="14.157">
    <failure message="Unable to locate element: (//span[.=&apos;Sign in&apos;])[1]&#10;For documentation on this error, please visit: https://www.selenium.dev/documentation/webdriver/troubleshooting/errors#no-such-element-exception&#10;Build info: version: &apos;4.27.0&apos;, revision: &apos;d6e718d134&apos;&#10;System info: os.name: &apos;Mac OS X&apos;, os.arch: &apos;aarch64&apos;, os.version: &apos;15.2&apos;, java.version: &apos;17.0.12&apos;&#10;Driver info: org.openqa.selenium.firefox.FirefoxDriver&#10;Command: [d30a132f-a044-4ad8-be0b-b7069891a618, findElement {value=(//span[.=&apos;Sign in&apos;])[1], using=xpath}]&#10;Capabilities {acceptInsecureCerts: true, browserName: firefox, browserVersion: 134.0.2, moz:accessibilityChecks: false, moz:buildID: 20250120135430, moz:debuggerAddress: 127.0.0.1:24143, moz:geckodriverVersion: 0.35.0, moz:headless: false, moz:platformVersion: 24.2.0, moz:processID: 28767, moz:profile: /var/folders/9p/klwwjzts4m1..., moz:shutdownTimeout: 60000, moz:webdriverClick: true, moz:windowless: false, pageLoadStrategy: normal, platformName: mac, proxy: Proxy(), se:cdp: ws://127.0.0.1:24143/devtoo..., se:cdpVersion: 85.0, setWindowRect: true, strictFileInteractability: false, timeouts: {implicit: 0, pageLoad: 300000, script: 30000}, unhandledPromptBehavior: dismiss and notify, userAgent: Mozilla/5.0 (Macintosh; Int...}&#10;Session ID: d30a132f-a044-4ad8-be0b-b7069891a618" type="org.openqa.selenium.NoSuchElementException"><![CDATA[org.openqa.selenium.NoSuchElementException: 
Unable to locate element: (//span[.='Sign in'])[1]
For documentation on this error, please visit: https://www.selenium.dev/documentation/webdriver/troubleshooting/errors#no-such-element-exception
Build info: version: '4.27.0', revision: 'd6e718d134'
System info: os.name: 'Mac OS X', os.arch: 'aarch64', os.version: '15.2', java.version: '17.0.12'
Driver info: org.openqa.selenium.firefox.FirefoxDriver
Command: [d30a132f-a044-4ad8-be0b-b7069891a618, findElement {value=(//span[.='Sign in'])[1], using=xpath}]
Capabilities {acceptInsecureCerts: true, browserName: firefox, browserVersion: 134.0.2, moz:accessibilityChecks: false, moz:buildID: 20250120135430, moz:debuggerAddress: 127.0.0.1:24143, moz:geckodriverVersion: 0.35.0, moz:headless: false, moz:platformVersion: 24.2.0, moz:processID: 28767, moz:profile: /var/folders/9p/klwwjzts4m1..., moz:shutdownTimeout: 60000, moz:webdriverClick: true, moz:windowless: false, pageLoadStrategy: normal, platformName: mac, proxy: Proxy(), se:cdp: ws://127.0.0.1:24143/devtoo..., se:cdpVersion: 85.0, setWindowRect: true, strictFileInteractability: false, timeouts: {implicit: 0, pageLoad: 300000, script: 30000}, unhandledPromptBehavior: dismiss and notify, userAgent: Mozilla/5.0 (Macintosh; Int...}
Session ID: d30a132f-a044-4ad8-be0b-b7069891a618
	at java.base/jdk.internal.reflect.NativeConstructorAccessorImpl.newInstance0(Native Method)
	at java.base/jdk.internal.reflect.NativeConstructorAccessorImpl.newInstance(NativeConstructorAccessorImpl.java:77)
	at java.base/jdk.internal.reflect.DelegatingConstructorAccessorImpl.newInstance(DelegatingConstructorAccessorImpl.java:45)
	at java.base/java.lang.reflect.Constructor.newInstanceWithCaller(Constructor.java:499)
	at java.base/java.lang.reflect.Constructor.newInstance(Constructor.java:480)
	at org.openqa.selenium.remote.ErrorCodec.decode(ErrorCodec.java:167)
	at org.openqa.selenium.remote.codec.w3c.W3CHttpResponseCodec.decode(W3CHttpResponseCodec.java:138)
	at org.openqa.selenium.remote.codec.w3c.W3CHttpResponseCodec.decode(W3CHttpResponseCodec.java:50)
	at org.openqa.selenium.remote.HttpCommandExecutor.execute(HttpCommandExecutor.java:190)
	at org.openqa.selenium.remote.service.DriverCommandExecutor.invokeExecute(DriverCommandExecutor.java:216)
	at org.openqa.selenium.remote.service.DriverCommandExecutor.execute(DriverCommandExecutor.java:174)
	at org.openqa.selenium.remote.RemoteWebDriver.execute(RemoteWebDriver.java:545)
	at org.openqa.selenium.remote.ElementLocation$ElementFinder$2.findElement(ElementLocation.java:165)
	at org.openqa.selenium.remote.ElementLocation.findElement(ElementLocation.java:59)
	at org.openqa.selenium.remote.RemoteWebDriver.findElement(RemoteWebDriver.java:368)
	at org.openqa.selenium.remote.RemoteWebDriver.findElement(RemoteWebDriver.java:362)
	at org.openqa.selenium.support.pagefactory.DefaultElementLocator.findElement(DefaultElementLocator.java:68)
	at org.openqa.selenium.support.pagefactory.internal.LocatingElementHandler.invoke(LocatingElementHandler.java:38)
	at jdk.proxy2/jdk.proxy2.$Proxy17.click(Unknown Source)
	at amazon_project1.Project1_Amazon.HomePage.signin(HomePage.java:72)
	at amazon_project1.Project1_Amazon.TestCase4_Login_EditProfileInformation.Login_EditProfileInformation(TestCase4_Login_EditProfileInformation.java:15)
	at java.base/jdk.internal.reflect.NativeMethodAccessorImpl.invoke0(Native Method)
	at java.base/jdk.internal.reflect.NativeMethodAccessorImpl.invoke(NativeMethodAccessorImpl.java:77)
	at java.base/jdk.internal.reflect.DelegatingMethodAccessorImpl.invoke(DelegatingMethodAccessorImpl.java:43)
	at java.base/java.lang.reflect.Method.invoke(Method.java:568)
	at org.testng.internal.invokers.MethodInvocationHelper.invokeMethod(MethodInvocationHelper.java:141)
	at org.testng.internal.invokers.TestInvoker.invokeMethod(TestInvoker.java:686)
	at org.testng.internal.invokers.TestInvoker.retryFailed(TestInvoker.java:269)
	at org.testng.internal.invokers.MethodRunner.runInSequence(MethodRunner.java:76)
	at org.testng.internal.invokers.TestInvoker$MethodInvocationAgent.invoke(TestInvoker.java:992)
	at org.testng.internal.invokers.TestInvoker.invokeTestMethods(TestInvoker.java:203)
	at org.testng.internal.invokers.TestMethodWorker.invokeTestMethods(TestMethodWorker.java:154)
	at org.testng.internal.invokers.TestMethodWorker.run(TestMethodWorker.java:134)
	at java.base/java.util.ArrayList.forEach(ArrayList.java:1511)
	at org.testng.TestRunner.privateRun(TestRunner.java:739)
	at org.testng.TestRunner.run(TestRunner.java:614)
	at org.testng.SuiteRunner.runTest(SuiteRunner.java:421)
	at org.testng.SuiteRunner$SuiteWorker.run(SuiteRunner.java:463)
	at org.testng.internal.thread.ThreadUtil.lambda$execute$0(ThreadUtil.java:64)
	at java.base/java.util.concurrent.FutureTask.run(FutureTask.java:264)
	at java.base/java.util.concurrent.ThreadPoolExecutor.runWorker(ThreadPoolExecutor.java:1136)
	at java.base/java.util.concurrent.ThreadPoolExecutor$Worker.run(ThreadPoolExecutor.java:635)
	at java.base/java.lang.Thread.run(Thread.java:842)
]]></failure>
    <system-out><![CDATA[Test started
]]></system-out>
    <system-err><![CDATA[Jan 30, 2025 4:53:51 PM org.openqa.selenium.firefox.FirefoxDriver <init>
WARNING: CDP support for Firefox is deprecated and will be removed in future versions. Please switch to WebDriver BiDi.
]]></system-err>
  </testcase>
  <testcase name="Search_Products_shoe" classname="amazon_project1.Project1_Amazon.TestCase5_Search_Products_shoe" time="0.0">
    <skipped message="Unable to locate element: (//span[.=&apos;Sign in&apos;])[1]&#10;For documentation on this error, please visit: https://www.selenium.dev/documentation/webdriver/troubleshooting/errors#no-such-element-exception&#10;Build info: version: &apos;4.27.0&apos;, revision: &apos;d6e718d134&apos;&#10;System info: os.name: &apos;Mac OS X&apos;, os.arch: &apos;aarch64&apos;, os.version: &apos;15.2&apos;, java.version: &apos;17.0.12&apos;&#10;Driver info: org.openqa.selenium.firefox.FirefoxDriver&#10;Command: [997bb57c-b2b2-476a-9fb8-a3b638f47239, findElement {value=(//span[.=&apos;Sign in&apos;])[1], using=xpath}]&#10;Capabilities {acceptInsecureCerts: true, browserName: firefox, browserVersion: 134.0.2, moz:accessibilityChecks: false, moz:buildID: 20250120135430, moz:debuggerAddress: 127.0.0.1:48069, moz:geckodriverVersion: 0.35.0, moz:headless: false, moz:platformVersion: 24.2.0, moz:processID: 28796, moz:profile: /var/folders/9p/klwwjzts4m1..., moz:shutdownTimeout: 60000, moz:webdriverClick: true, moz:windowless: false, pageLoadStrategy: normal, platformName: mac, proxy: Proxy(), se:cdp: ws://127.0.0.1:48069/devtoo..., se:cdpVersion: 85.0, setWindowRect: true, strictFileInteractability: false, timeouts: {implicit: 0, pageLoad: 300000, script: 30000}, unhandledPromptBehavior: dismiss and notify, userAgent: Mozilla/5.0 (Macintosh; Int...}&#10;Session ID: 997bb57c-b2b2-476a-9fb8-a3b638f47239"/>
    <system-out><![CDATA[Test started
]]></system-out>
    <system-err><![CDATA[Jan 30, 2025 4:54:15 PM org.openqa.selenium.firefox.FirefoxDriver <init>
WARNING: CDP support for Firefox is deprecated and will be removed in future versions. Please switch to WebDriver BiDi.
]]></system-err>
  </testcase>
  <testcase name="Search_Products_shoe" classname="amazon_project1.Project1_Amazon.TestCase5_Search_Products_shoe" time="14.16">
    <failure message="Unable to locate element: (//span[.=&apos;Sign in&apos;])[1]&#10;For documentation on this error, please visit: https://www.selenium.dev/documentation/webdriver/troubleshooting/errors#no-such-element-exception&#10;Build info: version: &apos;4.27.0&apos;, revision: &apos;d6e718d134&apos;&#10;System info: os.name: &apos;Mac OS X&apos;, os.arch: &apos;aarch64&apos;, os.version: &apos;15.2&apos;, java.version: &apos;17.0.12&apos;&#10;Driver info: org.openqa.selenium.firefox.FirefoxDriver&#10;Command: [25de356c-8fc1-4c65-b6de-bc7967922dd0, findElement {value=(//span[.=&apos;Sign in&apos;])[1], using=xpath}]&#10;Capabilities {acceptInsecureCerts: true, browserName: firefox, browserVersion: 134.0.2, moz:accessibilityChecks: false, moz:buildID: 20250120135430, moz:debuggerAddress: 127.0.0.1:16004, moz:geckodriverVersion: 0.35.0, moz:headless: false, moz:platformVersion: 24.2.0, moz:processID: 28823, moz:profile: /var/folders/9p/klwwjzts4m1..., moz:shutdownTimeout: 60000, moz:webdriverClick: true, moz:windowless: false, pageLoadStrategy: normal, platformName: mac, proxy: Proxy(), se:cdp: ws://127.0.0.1:16004/devtoo..., se:cdpVersion: 85.0, setWindowRect: true, strictFileInteractability: false, timeouts: {implicit: 0, pageLoad: 300000, script: 30000}, unhandledPromptBehavior: dismiss and notify, userAgent: Mozilla/5.0 (Macintosh; Int...}&#10;Session ID: 25de356c-8fc1-4c65-b6de-bc7967922dd0" type="org.openqa.selenium.NoSuchElementException"><![CDATA[org.openqa.selenium.NoSuchElementException: 
Unable to locate element: (//span[.='Sign in'])[1]
For documentation on this error, please visit: https://www.selenium.dev/documentation/webdriver/troubleshooting/errors#no-such-element-exception
Build info: version: '4.27.0', revision: 'd6e718d134'
System info: os.name: 'Mac OS X', os.arch: 'aarch64', os.version: '15.2', java.version: '17.0.12'
Driver info: org.openqa.selenium.firefox.FirefoxDriver
Command: [25de356c-8fc1-4c65-b6de-bc7967922dd0, findElement {value=(//span[.='Sign in'])[1], using=xpath}]
Capabilities {acceptInsecureCerts: true, browserName: firefox, browserVersion: 134.0.2, moz:accessibilityChecks: false, moz:buildID: 20250120135430, moz:debuggerAddress: 127.0.0.1:16004, moz:geckodriverVersion: 0.35.0, moz:headless: false, moz:platformVersion: 24.2.0, moz:processID: 28823, moz:profile: /var/folders/9p/klwwjzts4m1..., moz:shutdownTimeout: 60000, moz:webdriverClick: true, moz:windowless: false, pageLoadStrategy: normal, platformName: mac, proxy: Proxy(), se:cdp: ws://127.0.0.1:16004/devtoo..., se:cdpVersion: 85.0, setWindowRect: true, strictFileInteractability: false, timeouts: {implicit: 0, pageLoad: 300000, script: 30000}, unhandledPromptBehavior: dismiss and notify, userAgent: Mozilla/5.0 (Macintosh; Int...}
Session ID: 25de356c-8fc1-4c65-b6de-bc7967922dd0
	at java.base/jdk.internal.reflect.NativeConstructorAccessorImpl.newInstance0(Native Method)
	at java.base/jdk.internal.reflect.NativeConstructorAccessorImpl.newInstance(NativeConstructorAccessorImpl.java:77)
	at java.base/jdk.internal.reflect.DelegatingConstructorAccessorImpl.newInstance(DelegatingConstructorAccessorImpl.java:45)
	at java.base/java.lang.reflect.Constructor.newInstanceWithCaller(Constructor.java:499)
	at java.base/java.lang.reflect.Constructor.newInstance(Constructor.java:480)
	at org.openqa.selenium.remote.ErrorCodec.decode(ErrorCodec.java:167)
	at org.openqa.selenium.remote.codec.w3c.W3CHttpResponseCodec.decode(W3CHttpResponseCodec.java:138)
	at org.openqa.selenium.remote.codec.w3c.W3CHttpResponseCodec.decode(W3CHttpResponseCodec.java:50)
	at org.openqa.selenium.remote.HttpCommandExecutor.execute(HttpCommandExecutor.java:190)
	at org.openqa.selenium.remote.service.DriverCommandExecutor.invokeExecute(DriverCommandExecutor.java:216)
	at org.openqa.selenium.remote.service.DriverCommandExecutor.execute(DriverCommandExecutor.java:174)
	at org.openqa.selenium.remote.RemoteWebDriver.execute(RemoteWebDriver.java:545)
	at org.openqa.selenium.remote.ElementLocation$ElementFinder$2.findElement(ElementLocation.java:165)
	at org.openqa.selenium.remote.ElementLocation.findElement(ElementLocation.java:59)
	at org.openqa.selenium.remote.RemoteWebDriver.findElement(RemoteWebDriver.java:368)
	at org.openqa.selenium.remote.RemoteWebDriver.findElement(RemoteWebDriver.java:362)
	at org.openqa.selenium.support.pagefactory.DefaultElementLocator.findElement(DefaultElementLocator.java:68)
	at org.openqa.selenium.support.pagefactory.internal.LocatingElementHandler.invoke(LocatingElementHandler.java:38)
	at jdk.proxy2/jdk.proxy2.$Proxy17.click(Unknown Source)
	at amazon_project1.Project1_Amazon.HomePage.signin(HomePage.java:72)
	at amazon_project1.Project1_Amazon.TestCase5_Search_Products_shoe.Search_Products_shoe(TestCase5_Search_Products_shoe.java:17)
	at java.base/jdk.internal.reflect.NativeMethodAccessorImpl.invoke0(Native Method)
	at java.base/jdk.internal.reflect.NativeMethodAccessorImpl.invoke(NativeMethodAccessorImpl.java:77)
	at java.base/jdk.internal.reflect.DelegatingMethodAccessorImpl.invoke(DelegatingMethodAccessorImpl.java:43)
	at java.base/java.lang.reflect.Method.invoke(Method.java:568)
	at org.testng.internal.invokers.MethodInvocationHelper.invokeMethod(MethodInvocationHelper.java:141)
	at org.testng.internal.invokers.TestInvoker.invokeMethod(TestInvoker.java:686)
	at org.testng.internal.invokers.TestInvoker.retryFailed(TestInvoker.java:269)
	at org.testng.internal.invokers.MethodRunner.runInSequence(MethodRunner.java:76)
	at org.testng.internal.invokers.TestInvoker$MethodInvocationAgent.invoke(TestInvoker.java:992)
	at org.testng.internal.invokers.TestInvoker.invokeTestMethods(TestInvoker.java:203)
	at org.testng.internal.invokers.TestMethodWorker.invokeTestMethods(TestMethodWorker.java:154)
	at org.testng.internal.invokers.TestMethodWorker.run(TestMethodWorker.java:134)
	at java.base/java.util.ArrayList.forEach(ArrayList.java:1511)
	at org.testng.TestRunner.privateRun(TestRunner.java:739)
	at org.testng.TestRunner.run(TestRunner.java:614)
	at org.testng.SuiteRunner.runTest(SuiteRunner.java:421)
	at org.testng.SuiteRunner$SuiteWorker.run(SuiteRunner.java:463)
	at org.testng.internal.thread.ThreadUtil.lambda$execute$0(ThreadUtil.java:64)
	at java.base/java.util.concurrent.FutureTask.run(FutureTask.java:264)
	at java.base/java.util.concurrent.ThreadPoolExecutor.runWorker(ThreadPoolExecutor.java:1136)
	at java.base/java.util.concurrent.ThreadPoolExecutor$Worker.run(ThreadPoolExecutor.java:635)
	at java.base/java.lang.Thread.run(Thread.java:842)
]]></failure>
    <system-out><![CDATA[Test started
]]></system-out>
    <system-err><![CDATA[Jan 30, 2025 4:54:39 PM org.openqa.selenium.firefox.FirefoxDriver <init>
WARNING: CDP support for Firefox is deprecated and will be removed in future versions. Please switch to WebDriver BiDi.
]]></system-err>
  </testcase>
  <testcase name="SearchwithFilters" classname="amazon_project1.Project1_Amazon.TestCase6_SearchwithFilters" time="0.0">
    <skipped message="Unable to locate element: (//span[.=&apos;Sign in&apos;])[1]&#10;For documentation on this error, please visit: https://www.selenium.dev/documentation/webdriver/troubleshooting/errors#no-such-element-exception&#10;Build info: version: &apos;4.27.0&apos;, revision: &apos;d6e718d134&apos;&#10;System info: os.name: &apos;Mac OS X&apos;, os.arch: &apos;aarch64&apos;, os.version: &apos;15.2&apos;, java.version: &apos;17.0.12&apos;&#10;Driver info: org.openqa.selenium.firefox.FirefoxDriver&#10;Command: [bd570d6a-b2d5-44cb-b703-adae97f2afd6, findElement {value=(//span[.=&apos;Sign in&apos;])[1], using=xpath}]&#10;Capabilities {acceptInsecureCerts: true, browserName: firefox, browserVersion: 134.0.2, moz:accessibilityChecks: false, moz:buildID: 20250120135430, moz:debuggerAddress: 127.0.0.1:12108, moz:geckodriverVersion: 0.35.0, moz:headless: false, moz:platformVersion: 24.2.0, moz:processID: 28849, moz:profile: /var/folders/9p/klwwjzts4m1..., moz:shutdownTimeout: 60000, moz:webdriverClick: true, moz:windowless: false, pageLoadStrategy: normal, platformName: mac, proxy: Proxy(), se:cdp: ws://127.0.0.1:12108/devtoo..., se:cdpVersion: 85.0, setWindowRect: true, strictFileInteractability: false, timeouts: {implicit: 0, pageLoad: 300000, script: 30000}, unhandledPromptBehavior: dismiss and notify, userAgent: Mozilla/5.0 (Macintosh; Int...}&#10;Session ID: bd570d6a-b2d5-44cb-b703-adae97f2afd6"/>
    <system-out><![CDATA[Test started
]]></system-out>
    <system-err><![CDATA[Jan 30, 2025 4:55:02 PM org.openqa.selenium.firefox.FirefoxDriver <init>
WARNING: CDP support for Firefox is deprecated and will be removed in future versions. Please switch to WebDriver BiDi.
]]></system-err>
  </testcase>
  <testcase name="SearchwithFilters" classname="amazon_project1.Project1_Amazon.TestCase6_SearchwithFilters" time="25.356">
    <system-out><![CDATA[Test started
]]></system-out>
    <system-err><![CDATA[Jan 30, 2025 4:55:25 PM org.openqa.selenium.firefox.FirefoxDriver <init>
WARNING: CDP support for Firefox is deprecated and will be removed in future versions. Please switch to WebDriver BiDi.
]]></system-err>
  </testcase>
  <testcase name="ProductDetails" classname="amazon_project1.Project1_Amazon.TestCase7_ProductDetails" time="0.0">
    <skipped message="Unable to locate element: (//span[.=&apos;Sign in&apos;])[1]&#10;For documentation on this error, please visit: https://www.selenium.dev/documentation/webdriver/troubleshooting/errors#no-such-element-exception&#10;Build info: version: &apos;4.27.0&apos;, revision: &apos;d6e718d134&apos;&#10;System info: os.name: &apos;Mac OS X&apos;, os.arch: &apos;aarch64&apos;, os.version: &apos;15.2&apos;, java.version: &apos;17.0.12&apos;&#10;Driver info: org.openqa.selenium.firefox.FirefoxDriver&#10;Command: [1d06121e-01fb-4e00-b452-e0751203d011, findElement {value=(//span[.=&apos;Sign in&apos;])[1], using=xpath}]&#10;Capabilities {acceptInsecureCerts: true, browserName: firefox, browserVersion: 134.0.2, moz:accessibilityChecks: false, moz:buildID: 20250120135430, moz:debuggerAddress: 127.0.0.1:46325, moz:geckodriverVersion: 0.35.0, moz:headless: false, moz:platformVersion: 24.2.0, moz:processID: 28912, moz:profile: /var/folders/9p/klwwjzts4m1..., moz:shutdownTimeout: 60000, moz:webdriverClick: true, moz:windowless: false, pageLoadStrategy: normal, platformName: mac, proxy: Proxy(), se:cdp: ws://127.0.0.1:46325/devtoo..., se:cdpVersion: 85.0, setWindowRect: true, strictFileInteractability: false, timeouts: {implicit: 0, pageLoad: 300000, script: 30000}, unhandledPromptBehavior: dismiss and notify, userAgent: Mozilla/5.0 (Macintosh; Int...}&#10;Session ID: 1d06121e-01fb-4e00-b452-e0751203d011"/>
    <system-out><![CDATA[Test started
]]></system-out>
    <system-err><![CDATA[Jan 30, 2025 4:56:00 PM org.openqa.selenium.firefox.FirefoxDriver <init>
WARNING: CDP support for Firefox is deprecated and will be removed in future versions. Please switch to WebDriver BiDi.
]]></system-err>
  </testcase>
  <testcase name="ProductDetails" classname="amazon_project1.Project1_Amazon.TestCase7_ProductDetails" time="14.266">
    <failure message="Unable to locate element: (//span[.=&apos;Sign in&apos;])[1]&#10;For documentation on this error, please visit: https://www.selenium.dev/documentation/webdriver/troubleshooting/errors#no-such-element-exception&#10;Build info: version: &apos;4.27.0&apos;, revision: &apos;d6e718d134&apos;&#10;System info: os.name: &apos;Mac OS X&apos;, os.arch: &apos;aarch64&apos;, os.version: &apos;15.2&apos;, java.version: &apos;17.0.12&apos;&#10;Driver info: org.openqa.selenium.firefox.FirefoxDriver&#10;Command: [a2dff45b-7863-4dd2-8e66-64aa30fc5caa, findElement {value=(//span[.=&apos;Sign in&apos;])[1], using=xpath}]&#10;Capabilities {acceptInsecureCerts: true, browserName: firefox, browserVersion: 134.0.2, moz:accessibilityChecks: false, moz:buildID: 20250120135430, moz:debuggerAddress: 127.0.0.1:23861, moz:geckodriverVersion: 0.35.0, moz:headless: false, moz:platformVersion: 24.2.0, moz:processID: 28938, moz:profile: /var/folders/9p/klwwjzts4m1..., moz:shutdownTimeout: 60000, moz:webdriverClick: true, moz:windowless: false, pageLoadStrategy: normal, platformName: mac, proxy: Proxy(), se:cdp: ws://127.0.0.1:23861/devtoo..., se:cdpVersion: 85.0, setWindowRect: true, strictFileInteractability: false, timeouts: {implicit: 0, pageLoad: 300000, script: 30000}, unhandledPromptBehavior: dismiss and notify, userAgent: Mozilla/5.0 (Macintosh; Int...}&#10;Session ID: a2dff45b-7863-4dd2-8e66-64aa30fc5caa" type="org.openqa.selenium.NoSuchElementException"><![CDATA[org.openqa.selenium.NoSuchElementException: 
Unable to locate element: (//span[.='Sign in'])[1]
For documentation on this error, please visit: https://www.selenium.dev/documentation/webdriver/troubleshooting/errors#no-such-element-exception
Build info: version: '4.27.0', revision: 'd6e718d134'
System info: os.name: 'Mac OS X', os.arch: 'aarch64', os.version: '15.2', java.version: '17.0.12'
Driver info: org.openqa.selenium.firefox.FirefoxDriver
Command: [a2dff45b-7863-4dd2-8e66-64aa30fc5caa, findElement {value=(//span[.='Sign in'])[1], using=xpath}]
Capabilities {acceptInsecureCerts: true, browserName: firefox, browserVersion: 134.0.2, moz:accessibilityChecks: false, moz:buildID: 20250120135430, moz:debuggerAddress: 127.0.0.1:23861, moz:geckodriverVersion: 0.35.0, moz:headless: false, moz:platformVersion: 24.2.0, moz:processID: 28938, moz:profile: /var/folders/9p/klwwjzts4m1..., moz:shutdownTimeout: 60000, moz:webdriverClick: true, moz:windowless: false, pageLoadStrategy: normal, platformName: mac, proxy: Proxy(), se:cdp: ws://127.0.0.1:23861/devtoo..., se:cdpVersion: 85.0, setWindowRect: true, strictFileInteractability: false, timeouts: {implicit: 0, pageLoad: 300000, script: 30000}, unhandledPromptBehavior: dismiss and notify, userAgent: Mozilla/5.0 (Macintosh; Int...}
Session ID: a2dff45b-7863-4dd2-8e66-64aa30fc5caa
	at java.base/jdk.internal.reflect.NativeConstructorAccessorImpl.newInstance0(Native Method)
	at java.base/jdk.internal.reflect.NativeConstructorAccessorImpl.newInstance(NativeConstructorAccessorImpl.java:77)
	at java.base/jdk.internal.reflect.DelegatingConstructorAccessorImpl.newInstance(DelegatingConstructorAccessorImpl.java:45)
	at java.base/java.lang.reflect.Constructor.newInstanceWithCaller(Constructor.java:499)
	at java.base/java.lang.reflect.Constructor.newInstance(Constructor.java:480)
	at org.openqa.selenium.remote.ErrorCodec.decode(ErrorCodec.java:167)
	at org.openqa.selenium.remote.codec.w3c.W3CHttpResponseCodec.decode(W3CHttpResponseCodec.java:138)
	at org.openqa.selenium.remote.codec.w3c.W3CHttpResponseCodec.decode(W3CHttpResponseCodec.java:50)
	at org.openqa.selenium.remote.HttpCommandExecutor.execute(HttpCommandExecutor.java:190)
	at org.openqa.selenium.remote.service.DriverCommandExecutor.invokeExecute(DriverCommandExecutor.java:216)
	at org.openqa.selenium.remote.service.DriverCommandExecutor.execute(DriverCommandExecutor.java:174)
	at org.openqa.selenium.remote.RemoteWebDriver.execute(RemoteWebDriver.java:545)
	at org.openqa.selenium.remote.ElementLocation$ElementFinder$2.findElement(ElementLocation.java:165)
	at org.openqa.selenium.remote.ElementLocation.findElement(ElementLocation.java:59)
	at org.openqa.selenium.remote.RemoteWebDriver.findElement(RemoteWebDriver.java:368)
	at org.openqa.selenium.remote.RemoteWebDriver.findElement(RemoteWebDriver.java:362)
	at org.openqa.selenium.support.pagefactory.DefaultElementLocator.findElement(DefaultElementLocator.java:68)
	at org.openqa.selenium.support.pagefactory.internal.LocatingElementHandler.invoke(LocatingElementHandler.java:38)
	at jdk.proxy2/jdk.proxy2.$Proxy17.click(Unknown Source)
	at amazon_project1.Project1_Amazon.HomePage.signin(HomePage.java:72)
	at amazon_project1.Project1_Amazon.TestCase7_ProductDetails.ProductDetails(TestCase7_ProductDetails.java:16)
	at java.base/jdk.internal.reflect.NativeMethodAccessorImpl.invoke0(Native Method)
	at java.base/jdk.internal.reflect.NativeMethodAccessorImpl.invoke(NativeMethodAccessorImpl.java:77)
	at java.base/jdk.internal.reflect.DelegatingMethodAccessorImpl.invoke(DelegatingMethodAccessorImpl.java:43)
	at java.base/java.lang.reflect.Method.invoke(Method.java:568)
	at org.testng.internal.invokers.MethodInvocationHelper.invokeMethod(MethodInvocationHelper.java:141)
	at org.testng.internal.invokers.TestInvoker.invokeMethod(TestInvoker.java:686)
	at org.testng.internal.invokers.TestInvoker.retryFailed(TestInvoker.java:269)
	at org.testng.internal.invokers.MethodRunner.runInSequence(MethodRunner.java:76)
	at org.testng.internal.invokers.TestInvoker$MethodInvocationAgent.invoke(TestInvoker.java:992)
	at org.testng.internal.invokers.TestInvoker.invokeTestMethods(TestInvoker.java:203)
	at org.testng.internal.invokers.TestMethodWorker.invokeTestMethods(TestMethodWorker.java:154)
	at org.testng.internal.invokers.TestMethodWorker.run(TestMethodWorker.java:134)
	at java.base/java.util.ArrayList.forEach(ArrayList.java:1511)
	at org.testng.TestRunner.privateRun(TestRunner.java:739)
	at org.testng.TestRunner.run(TestRunner.java:614)
	at org.testng.SuiteRunner.runTest(SuiteRunner.java:421)
	at org.testng.SuiteRunner$SuiteWorker.run(SuiteRunner.java:463)
	at org.testng.internal.thread.ThreadUtil.lambda$execute$0(ThreadUtil.java:64)
	at java.base/java.util.concurrent.FutureTask.run(FutureTask.java:264)
	at java.base/java.util.concurrent.ThreadPoolExecutor.runWorker(ThreadPoolExecutor.java:1136)
	at java.base/java.util.concurrent.ThreadPoolExecutor$Worker.run(ThreadPoolExecutor.java:635)
	at java.base/java.lang.Thread.run(Thread.java:842)
]]></failure>
    <system-out><![CDATA[Test started
]]></system-out>
    <system-err><![CDATA[Jan 30, 2025 4:56:23 PM org.openqa.selenium.firefox.FirefoxDriver <init>
WARNING: CDP support for Firefox is deprecated and will be removed in future versions. Please switch to WebDriver BiDi.
]]></system-err>
  </testcase>
  <testcase name="ProductSort" classname="amazon_project1.Project1_Amazon.TestCase8_ProductSort" time="0.0">
    <skipped message="Unable to locate element: (//span[.=&apos;Sign in&apos;])[1]&#10;For documentation on this error, please visit: https://www.selenium.dev/documentation/webdriver/troubleshooting/errors#no-such-element-exception&#10;Build info: version: &apos;4.27.0&apos;, revision: &apos;d6e718d134&apos;&#10;System info: os.name: &apos;Mac OS X&apos;, os.arch: &apos;aarch64&apos;, os.version: &apos;15.2&apos;, java.version: &apos;17.0.12&apos;&#10;Driver info: org.openqa.selenium.firefox.FirefoxDriver&#10;Command: [945197bf-c69a-4269-a074-2333a0f90a7a, findElement {value=(//span[.=&apos;Sign in&apos;])[1], using=xpath}]&#10;Capabilities {acceptInsecureCerts: true, browserName: firefox, browserVersion: 134.0.2, moz:accessibilityChecks: false, moz:buildID: 20250120135430, moz:debuggerAddress: 127.0.0.1:14069, moz:geckodriverVersion: 0.35.0, moz:headless: false, moz:platformVersion: 24.2.0, moz:processID: 28966, moz:profile: /var/folders/9p/klwwjzts4m1..., moz:shutdownTimeout: 60000, moz:webdriverClick: true, moz:windowless: false, pageLoadStrategy: normal, platformName: mac, proxy: Proxy(), se:cdp: ws://127.0.0.1:14069/devtoo..., se:cdpVersion: 85.0, setWindowRect: true, strictFileInteractability: false, timeouts: {implicit: 0, pageLoad: 300000, script: 30000}, unhandledPromptBehavior: dismiss and notify, userAgent: Mozilla/5.0 (Macintosh; Int...}&#10;Session ID: 945197bf-c69a-4269-a074-2333a0f90a7a"/>
    <system-out><![CDATA[Test started
]]></system-out>
    <system-err><![CDATA[Jan 30, 2025 4:56:45 PM org.openqa.selenium.firefox.FirefoxDriver <init>
WARNING: CDP support for Firefox is deprecated and will be removed in future versions. Please switch to WebDriver BiDi.
]]></system-err>
  </testcase>
  <testcase name="ProductSort" classname="amazon_project1.Project1_Amazon.TestCase8_ProductSort" time="14.151">
    <failure message="Unable to locate element: (//span[.=&apos;Sign in&apos;])[1]&#10;For documentation on this error, please visit: https://www.selenium.dev/documentation/webdriver/troubleshooting/errors#no-such-element-exception&#10;Build info: version: &apos;4.27.0&apos;, revision: &apos;d6e718d134&apos;&#10;System info: os.name: &apos;Mac OS X&apos;, os.arch: &apos;aarch64&apos;, os.version: &apos;15.2&apos;, java.version: &apos;17.0.12&apos;&#10;Driver info: org.openqa.selenium.firefox.FirefoxDriver&#10;Command: [0693349e-bdb5-4890-82f1-b9ca691a24dc, findElement {value=(//span[.=&apos;Sign in&apos;])[1], using=xpath}]&#10;Capabilities {acceptInsecureCerts: true, browserName: firefox, browserVersion: 134.0.2, moz:accessibilityChecks: false, moz:buildID: 20250120135430, moz:debuggerAddress: 127.0.0.1:16312, moz:geckodriverVersion: 0.35.0, moz:headless: false, moz:platformVersion: 24.2.0, moz:processID: 28994, moz:profile: /var/folders/9p/klwwjzts4m1..., moz:shutdownTimeout: 60000, moz:webdriverClick: true, moz:windowless: false, pageLoadStrategy: normal, platformName: mac, proxy: Proxy(), se:cdp: ws://127.0.0.1:16312/devtoo..., se:cdpVersion: 85.0, setWindowRect: true, strictFileInteractability: false, timeouts: {implicit: 0, pageLoad: 300000, script: 30000}, unhandledPromptBehavior: dismiss and notify, userAgent: Mozilla/5.0 (Macintosh; Int...}&#10;Session ID: 0693349e-bdb5-4890-82f1-b9ca691a24dc" type="org.openqa.selenium.NoSuchElementException"><![CDATA[org.openqa.selenium.NoSuchElementException: 
Unable to locate element: (//span[.='Sign in'])[1]
For documentation on this error, please visit: https://www.selenium.dev/documentation/webdriver/troubleshooting/errors#no-such-element-exception
Build info: version: '4.27.0', revision: 'd6e718d134'
System info: os.name: 'Mac OS X', os.arch: 'aarch64', os.version: '15.2', java.version: '17.0.12'
Driver info: org.openqa.selenium.firefox.FirefoxDriver
Command: [0693349e-bdb5-4890-82f1-b9ca691a24dc, findElement {value=(//span[.='Sign in'])[1], using=xpath}]
Capabilities {acceptInsecureCerts: true, browserName: firefox, browserVersion: 134.0.2, moz:accessibilityChecks: false, moz:buildID: 20250120135430, moz:debuggerAddress: 127.0.0.1:16312, moz:geckodriverVersion: 0.35.0, moz:headless: false, moz:platformVersion: 24.2.0, moz:processID: 28994, moz:profile: /var/folders/9p/klwwjzts4m1..., moz:shutdownTimeout: 60000, moz:webdriverClick: true, moz:windowless: false, pageLoadStrategy: normal, platformName: mac, proxy: Proxy(), se:cdp: ws://127.0.0.1:16312/devtoo..., se:cdpVersion: 85.0, setWindowRect: true, strictFileInteractability: false, timeouts: {implicit: 0, pageLoad: 300000, script: 30000}, unhandledPromptBehavior: dismiss and notify, userAgent: Mozilla/5.0 (Macintosh; Int...}
Session ID: 0693349e-bdb5-4890-82f1-b9ca691a24dc
	at java.base/jdk.internal.reflect.NativeConstructorAccessorImpl.newInstance0(Native Method)
	at java.base/jdk.internal.reflect.NativeConstructorAccessorImpl.newInstance(NativeConstructorAccessorImpl.java:77)
	at java.base/jdk.internal.reflect.DelegatingConstructorAccessorImpl.newInstance(DelegatingConstructorAccessorImpl.java:45)
	at java.base/java.lang.reflect.Constructor.newInstanceWithCaller(Constructor.java:499)
	at java.base/java.lang.reflect.Constructor.newInstance(Constructor.java:480)
	at org.openqa.selenium.remote.ErrorCodec.decode(ErrorCodec.java:167)
	at org.openqa.selenium.remote.codec.w3c.W3CHttpResponseCodec.decode(W3CHttpResponseCodec.java:138)
	at org.openqa.selenium.remote.codec.w3c.W3CHttpResponseCodec.decode(W3CHttpResponseCodec.java:50)
	at org.openqa.selenium.remote.HttpCommandExecutor.execute(HttpCommandExecutor.java:190)
	at org.openqa.selenium.remote.service.DriverCommandExecutor.invokeExecute(DriverCommandExecutor.java:216)
	at org.openqa.selenium.remote.service.DriverCommandExecutor.execute(DriverCommandExecutor.java:174)
	at org.openqa.selenium.remote.RemoteWebDriver.execute(RemoteWebDriver.java:545)
	at org.openqa.selenium.remote.ElementLocation$ElementFinder$2.findElement(ElementLocation.java:165)
	at org.openqa.selenium.remote.ElementLocation.findElement(ElementLocation.java:59)
	at org.openqa.selenium.remote.RemoteWebDriver.findElement(RemoteWebDriver.java:368)
	at org.openqa.selenium.remote.RemoteWebDriver.findElement(RemoteWebDriver.java:362)
	at org.openqa.selenium.support.pagefactory.DefaultElementLocator.findElement(DefaultElementLocator.java:68)
	at org.openqa.selenium.support.pagefactory.internal.LocatingElementHandler.invoke(LocatingElementHandler.java:38)
	at jdk.proxy2/jdk.proxy2.$Proxy17.click(Unknown Source)
	at amazon_project1.Project1_Amazon.HomePage.signin(HomePage.java:72)
	at amazon_project1.Project1_Amazon.TestCase8_ProductSort.ProductSort(TestCase8_ProductSort.java:17)
	at java.base/jdk.internal.reflect.NativeMethodAccessorImpl.invoke0(Native Method)
	at java.base/jdk.internal.reflect.NativeMethodAccessorImpl.invoke(NativeMethodAccessorImpl.java:77)
	at java.base/jdk.internal.reflect.DelegatingMethodAccessorImpl.invoke(DelegatingMethodAccessorImpl.java:43)
	at java.base/java.lang.reflect.Method.invoke(Method.java:568)
	at org.testng.internal.invokers.MethodInvocationHelper.invokeMethod(MethodInvocationHelper.java:141)
	at org.testng.internal.invokers.TestInvoker.invokeMethod(TestInvoker.java:686)
	at org.testng.internal.invokers.TestInvoker.retryFailed(TestInvoker.java:269)
	at org.testng.internal.invokers.MethodRunner.runInSequence(MethodRunner.java:76)
	at org.testng.internal.invokers.TestInvoker$MethodInvocationAgent.invoke(TestInvoker.java:992)
	at org.testng.internal.invokers.TestInvoker.invokeTestMethods(TestInvoker.java:203)
	at org.testng.internal.invokers.TestMethodWorker.invokeTestMethods(TestMethodWorker.java:154)
	at org.testng.internal.invokers.TestMethodWorker.run(TestMethodWorker.java:134)
	at java.base/java.util.ArrayList.forEach(ArrayList.java:1511)
	at org.testng.TestRunner.privateRun(TestRunner.java:739)
	at org.testng.TestRunner.run(TestRunner.java:614)
	at org.testng.SuiteRunner.runTest(SuiteRunner.java:421)
	at org.testng.SuiteRunner$SuiteWorker.run(SuiteRunner.java:463)
	at org.testng.internal.thread.ThreadUtil.lambda$execute$0(ThreadUtil.java:64)
	at java.base/java.util.concurrent.FutureTask.run(FutureTask.java:264)
	at java.base/java.util.concurrent.ThreadPoolExecutor.runWorker(ThreadPoolExecutor.java:1136)
	at java.base/java.util.concurrent.ThreadPoolExecutor$Worker.run(ThreadPoolExecutor.java:635)
	at java.base/java.lang.Thread.run(Thread.java:842)
]]></failure>
    <system-out><![CDATA[Test started
]]></system-out>
    <system-err><![CDATA[Jan 30, 2025 4:57:09 PM org.openqa.selenium.firefox.FirefoxDriver <init>
WARNING: CDP support for Firefox is deprecated and will be removed in future versions. Please switch to WebDriver BiDi.
]]></system-err>
  </testcase>
  <testcase name="AddProducts_ToCart" classname="amazon_project1.Project1_Amazon.TestCase9_AddProducts_ToCart" time="26.481">
    <system-out><![CDATA[Test started
]]></system-out>
    <system-err><![CDATA[Jan 30, 2025 4:57:32 PM org.openqa.selenium.firefox.FirefoxDriver <init>
WARNING: CDP support for Firefox is deprecated and will be removed in future versions. Please switch to WebDriver BiDi.
]]></system-err>
  </testcase>
  <testcase name="AddProductsToCart_Remove" classname="amazon_project1.Project1_Amazon.TestCase10_AddProductsToCart_Remove" time="48.583">
    <system-out><![CDATA[Test started
count added
count deleted
]]></system-out>
    <system-err><![CDATA[Jan 30, 2025 4:58:08 PM org.openqa.selenium.firefox.FirefoxDriver <init>
WARNING: CDP support for Firefox is deprecated and will be removed in future versions. Please switch to WebDriver BiDi.
]]></system-err>
  </testcase>
  <testcase name="Login_Cart_Payment_OrderReview" classname="amazon_project1.Project1_Amazon.TestCase11_Login_Cart_Payment_OrderReview" time="0.0">
    <skipped message="Unable to locate element: (//span[.=&apos;Sign in&apos;])[1]&#10;For documentation on this error, please visit: https://www.selenium.dev/documentation/webdriver/troubleshooting/errors#no-such-element-exception&#10;Build info: version: &apos;4.27.0&apos;, revision: &apos;d6e718d134&apos;&#10;System info: os.name: &apos;Mac OS X&apos;, os.arch: &apos;aarch64&apos;, os.version: &apos;15.2&apos;, java.version: &apos;17.0.12&apos;&#10;Driver info: org.openqa.selenium.firefox.FirefoxDriver&#10;Command: [f558c1f1-7d34-4235-9806-ba3d2622688c, findElement {value=(//span[.=&apos;Sign in&apos;])[1], using=xpath}]&#10;Capabilities {acceptInsecureCerts: true, browserName: firefox, browserVersion: 134.0.2, moz:accessibilityChecks: false, moz:buildID: 20250120135430, moz:debuggerAddress: 127.0.0.1:13189, moz:geckodriverVersion: 0.35.0, moz:headless: false, moz:platformVersion: 24.2.0, moz:processID: 29090, moz:profile: /var/folders/9p/klwwjzts4m1..., moz:shutdownTimeout: 60000, moz:webdriverClick: true, moz:windowless: false, pageLoadStrategy: normal, platformName: mac, proxy: Proxy(), se:cdp: ws://127.0.0.1:13189/devtoo..., se:cdpVersion: 85.0, setWindowRect: true, strictFileInteractability: false, timeouts: {implicit: 0, pageLoad: 300000, script: 30000}, unhandledPromptBehavior: dismiss and notify, userAgent: Mozilla/5.0 (Macintosh; Int...}&#10;Session ID: f558c1f1-7d34-4235-9806-ba3d2622688c"/>
    <system-out><![CDATA[Test started
]]></system-out>
    <system-err><![CDATA[Jan 30, 2025 4:59:05 PM org.openqa.selenium.firefox.FirefoxDriver <init>
WARNING: CDP support for Firefox is deprecated and will be removed in future versions. Please switch to WebDriver BiDi.
]]></system-err>
  </testcase>
  <testcase name="Login_Cart_Payment_OrderReview" classname="amazon_project1.Project1_Amazon.TestCase11_Login_Cart_Payment_OrderReview" time="4.391">
    <failure message="Element &lt;span class=&quot;nav-action-inner&quot;&gt; could not be scrolled into view&#10;Build info: version: &apos;4.27.0&apos;, revision: &apos;d6e718d134&apos;&#10;System info: os.name: &apos;Mac OS X&apos;, os.arch: &apos;aarch64&apos;, os.version: &apos;15.2&apos;, java.version: &apos;17.0.12&apos;&#10;Driver info: org.openqa.selenium.firefox.FirefoxDriver&#10;Command: [676cab0b-59ad-4f6e-9aba-58da98ec3624, clickElement {id=f2b6e4c0-49c3-47d6-9fe7-6997c3ffbc9b}]&#10;Capabilities {acceptInsecureCerts: true, browserName: firefox, browserVersion: 134.0.2, moz:accessibilityChecks: false, moz:buildID: 20250120135430, moz:debuggerAddress: 127.0.0.1:15417, moz:geckodriverVersion: 0.35.0, moz:headless: false, moz:platformVersion: 24.2.0, moz:processID: 29116, moz:profile: /var/folders/9p/klwwjzts4m1..., moz:shutdownTimeout: 60000, moz:webdriverClick: true, moz:windowless: false, pageLoadStrategy: normal, platformName: mac, proxy: Proxy(), se:cdp: ws://127.0.0.1:15417/devtoo..., se:cdpVersion: 85.0, setWindowRect: true, strictFileInteractability: false, timeouts: {implicit: 0, pageLoad: 300000, script: 30000}, unhandledPromptBehavior: dismiss and notify, userAgent: Mozilla/5.0 (Macintosh; Int...}&#10;Element: [[FirefoxDriver: firefox on mac (676cab0b-59ad-4f6e-9aba-58da98ec3624)] -&gt; xpath: (//span[.=&apos;Sign in&apos;])[1]]&#10;Session ID: 676cab0b-59ad-4f6e-9aba-58da98ec3624" type="org.openqa.selenium.ElementNotInteractableException"><![CDATA[org.openqa.selenium.ElementNotInteractableException: 
Element <span class="nav-action-inner"> could not be scrolled into view
Build info: version: '4.27.0', revision: 'd6e718d134'
System info: os.name: 'Mac OS X', os.arch: 'aarch64', os.version: '15.2', java.version: '17.0.12'
Driver info: org.openqa.selenium.firefox.FirefoxDriver
Command: [676cab0b-59ad-4f6e-9aba-58da98ec3624, clickElement {id=f2b6e4c0-49c3-47d6-9fe7-6997c3ffbc9b}]
Capabilities {acceptInsecureCerts: true, browserName: firefox, browserVersion: 134.0.2, moz:accessibilityChecks: false, moz:buildID: 20250120135430, moz:debuggerAddress: 127.0.0.1:15417, moz:geckodriverVersion: 0.35.0, moz:headless: false, moz:platformVersion: 24.2.0, moz:processID: 29116, moz:profile: /var/folders/9p/klwwjzts4m1..., moz:shutdownTimeout: 60000, moz:webdriverClick: true, moz:windowless: false, pageLoadStrategy: normal, platformName: mac, proxy: Proxy(), se:cdp: ws://127.0.0.1:15417/devtoo..., se:cdpVersion: 85.0, setWindowRect: true, strictFileInteractability: false, timeouts: {implicit: 0, pageLoad: 300000, script: 30000}, unhandledPromptBehavior: dismiss and notify, userAgent: Mozilla/5.0 (Macintosh; Int...}
Element: [[FirefoxDriver: firefox on mac (676cab0b-59ad-4f6e-9aba-58da98ec3624)] -> xpath: (//span[.='Sign in'])[1]]
Session ID: 676cab0b-59ad-4f6e-9aba-58da98ec3624
	at java.base/jdk.internal.reflect.NativeConstructorAccessorImpl.newInstance0(Native Method)
	at java.base/jdk.internal.reflect.NativeConstructorAccessorImpl.newInstance(NativeConstructorAccessorImpl.java:77)
	at java.base/jdk.internal.reflect.DelegatingConstructorAccessorImpl.newInstance(DelegatingConstructorAccessorImpl.java:45)
	at java.base/java.lang.reflect.Constructor.newInstanceWithCaller(Constructor.java:499)
	at java.base/java.lang.reflect.Constructor.newInstance(Constructor.java:480)
	at org.openqa.selenium.remote.ErrorCodec.decode(ErrorCodec.java:167)
	at org.openqa.selenium.remote.codec.w3c.W3CHttpResponseCodec.decode(W3CHttpResponseCodec.java:138)
	at org.openqa.selenium.remote.codec.w3c.W3CHttpResponseCodec.decode(W3CHttpResponseCodec.java:50)
	at org.openqa.selenium.remote.HttpCommandExecutor.execute(HttpCommandExecutor.java:190)
	at org.openqa.selenium.remote.service.DriverCommandExecutor.invokeExecute(DriverCommandExecutor.java:216)
	at org.openqa.selenium.remote.service.DriverCommandExecutor.execute(DriverCommandExecutor.java:174)
	at org.openqa.selenium.remote.RemoteWebDriver.execute(RemoteWebDriver.java:545)
	at org.openqa.selenium.remote.RemoteWebElement.execute(RemoteWebElement.java:223)
	at org.openqa.selenium.remote.RemoteWebElement.click(RemoteWebElement.java:76)
	at jdk.internal.reflect.GeneratedMethodAccessor9.invoke(Unknown Source)
	at java.base/jdk.internal.reflect.DelegatingMethodAccessorImpl.invoke(DelegatingMethodAccessorImpl.java:43)
	at java.base/java.lang.reflect.Method.invoke(Method.java:568)
	at org.openqa.selenium.support.pagefactory.internal.LocatingElementHandler.invoke(LocatingElementHandler.java:51)
	at jdk.proxy2/jdk.proxy2.$Proxy17.click(Unknown Source)
	at amazon_project1.Project1_Amazon.HomePage.signin(HomePage.java:72)
	at amazon_project1.Project1_Amazon.TestCase11_Login_Cart_Payment_OrderReview.Login_Cart_Payment_OrderReview(TestCase11_Login_Cart_Payment_OrderReview.java:19)
	at java.base/jdk.internal.reflect.NativeMethodAccessorImpl.invoke0(Native Method)
	at java.base/jdk.internal.reflect.NativeMethodAccessorImpl.invoke(NativeMethodAccessorImpl.java:77)
	at java.base/jdk.internal.reflect.DelegatingMethodAccessorImpl.invoke(DelegatingMethodAccessorImpl.java:43)
	at java.base/java.lang.reflect.Method.invoke(Method.java:568)
	at org.testng.internal.invokers.MethodInvocationHelper.invokeMethod(MethodInvocationHelper.java:141)
	at org.testng.internal.invokers.TestInvoker.invokeMethod(TestInvoker.java:686)
	at org.testng.internal.invokers.TestInvoker.retryFailed(TestInvoker.java:269)
	at org.testng.internal.invokers.MethodRunner.runInSequence(MethodRunner.java:76)
	at org.testng.internal.invokers.TestInvoker$MethodInvocationAgent.invoke(TestInvoker.java:992)
	at org.testng.internal.invokers.TestInvoker.invokeTestMethods(TestInvoker.java:203)
	at org.testng.internal.invokers.TestMethodWorker.invokeTestMethods(TestMethodWorker.java:154)
	at org.testng.internal.invokers.TestMethodWorker.run(TestMethodWorker.java:134)
	at java.base/java.util.ArrayList.forEach(ArrayList.java:1511)
	at org.testng.TestRunner.privateRun(TestRunner.java:739)
	at org.testng.TestRunner.run(TestRunner.java:614)
	at org.testng.SuiteRunner.runTest(SuiteRunner.java:421)
	at org.testng.SuiteRunner$SuiteWorker.run(SuiteRunner.java:463)
	at org.testng.internal.thread.ThreadUtil.lambda$execute$0(ThreadUtil.java:64)
	at java.base/java.util.concurrent.FutureTask.run(FutureTask.java:264)
	at java.base/java.util.concurrent.ThreadPoolExecutor.runWorker(ThreadPoolExecutor.java:1136)
	at java.base/java.util.concurrent.ThreadPoolExecutor$Worker.run(ThreadPoolExecutor.java:635)
	at java.base/java.lang.Thread.run(Thread.java:842)
]]></failure>
    <system-out><![CDATA[Test started
]]></system-out>
    <system-err><![CDATA[Jan 30, 2025 4:59:28 PM org.openqa.selenium.firefox.FirefoxDriver <init>
WARNING: CDP support for Firefox is deprecated and will be removed in future versions. Please switch to WebDriver BiDi.
]]></system-err>
  </testcase>
  <testcase name="SelectEachPaymentmethod" classname="amazon_project1.Project1_Amazon.TestCase12_SelectEachPaymentmethod" time="0.0">
    <skipped message="Unable to locate element: (//span[.=&apos;Sign in&apos;])[1]&#10;For documentation on this error, please visit: https://www.selenium.dev/documentation/webdriver/troubleshooting/errors#no-such-element-exception&#10;Build info: version: &apos;4.27.0&apos;, revision: &apos;d6e718d134&apos;&#10;System info: os.name: &apos;Mac OS X&apos;, os.arch: &apos;aarch64&apos;, os.version: &apos;15.2&apos;, java.version: &apos;17.0.12&apos;&#10;Driver info: org.openqa.selenium.firefox.FirefoxDriver&#10;Command: [b1fc6939-181a-4bd8-b6c7-05666de49345, findElement {value=(//span[.=&apos;Sign in&apos;])[1], using=xpath}]&#10;Capabilities {acceptInsecureCerts: true, browserName: firefox, browserVersion: 134.0.2, moz:accessibilityChecks: false, moz:buildID: 20250120135430, moz:debuggerAddress: 127.0.0.1:22227, moz:geckodriverVersion: 0.35.0, moz:headless: false, moz:platformVersion: 24.2.0, moz:processID: 29145, moz:profile: /var/folders/9p/klwwjzts4m1..., moz:shutdownTimeout: 60000, moz:webdriverClick: true, moz:windowless: false, pageLoadStrategy: normal, platformName: mac, proxy: Proxy(), se:cdp: ws://127.0.0.1:22227/devtoo..., se:cdpVersion: 85.0, setWindowRect: true, strictFileInteractability: false, timeouts: {implicit: 0, pageLoad: 300000, script: 30000}, unhandledPromptBehavior: dismiss and notify, userAgent: Mozilla/5.0 (Macintosh; Int...}&#10;Session ID: b1fc6939-181a-4bd8-b6c7-05666de49345"/>
    <system-out><![CDATA[Test started
]]></system-out>
    <system-err><![CDATA[Jan 30, 2025 4:59:41 PM org.openqa.selenium.firefox.FirefoxDriver <init>
WARNING: CDP support for Firefox is deprecated and will be removed in future versions. Please switch to WebDriver BiDi.
]]></system-err>
  </testcase>
  <testcase name="SelectEachPaymentmethod" classname="amazon_project1.Project1_Amazon.TestCase12_SelectEachPaymentmethod" time="14.163">
    <failure message="Unable to locate element: (//span[.=&apos;Sign in&apos;])[1]&#10;For documentation on this error, please visit: https://www.selenium.dev/documentation/webdriver/troubleshooting/errors#no-such-element-exception&#10;Build info: version: &apos;4.27.0&apos;, revision: &apos;d6e718d134&apos;&#10;System info: os.name: &apos;Mac OS X&apos;, os.arch: &apos;aarch64&apos;, os.version: &apos;15.2&apos;, java.version: &apos;17.0.12&apos;&#10;Driver info: org.openqa.selenium.firefox.FirefoxDriver&#10;Command: [3bf0f6a5-e699-4b66-a7fc-6e39c8ac2cb3, findElement {value=(//span[.=&apos;Sign in&apos;])[1], using=xpath}]&#10;Capabilities {acceptInsecureCerts: true, browserName: firefox, browserVersion: 134.0.2, moz:accessibilityChecks: false, moz:buildID: 20250120135430, moz:debuggerAddress: 127.0.0.1:34215, moz:geckodriverVersion: 0.35.0, moz:headless: false, moz:platformVersion: 24.2.0, moz:processID: 29173, moz:profile: /var/folders/9p/klwwjzts4m1..., moz:shutdownTimeout: 60000, moz:webdriverClick: true, moz:windowless: false, pageLoadStrategy: normal, platformName: mac, proxy: Proxy(), se:cdp: ws://127.0.0.1:34215/devtoo..., se:cdpVersion: 85.0, setWindowRect: true, strictFileInteractability: false, timeouts: {implicit: 0, pageLoad: 300000, script: 30000}, unhandledPromptBehavior: dismiss and notify, userAgent: Mozilla/5.0 (Macintosh; Int...}&#10;Session ID: 3bf0f6a5-e699-4b66-a7fc-6e39c8ac2cb3" type="org.openqa.selenium.NoSuchElementException"><![CDATA[org.openqa.selenium.NoSuchElementException: 
Unable to locate element: (//span[.='Sign in'])[1]
For documentation on this error, please visit: https://www.selenium.dev/documentation/webdriver/troubleshooting/errors#no-such-element-exception
Build info: version: '4.27.0', revision: 'd6e718d134'
System info: os.name: 'Mac OS X', os.arch: 'aarch64', os.version: '15.2', java.version: '17.0.12'
Driver info: org.openqa.selenium.firefox.FirefoxDriver
Command: [3bf0f6a5-e699-4b66-a7fc-6e39c8ac2cb3, findElement {value=(//span[.='Sign in'])[1], using=xpath}]
Capabilities {acceptInsecureCerts: true, browserName: firefox, browserVersion: 134.0.2, moz:accessibilityChecks: false, moz:buildID: 20250120135430, moz:debuggerAddress: 127.0.0.1:34215, moz:geckodriverVersion: 0.35.0, moz:headless: false, moz:platformVersion: 24.2.0, moz:processID: 29173, moz:profile: /var/folders/9p/klwwjzts4m1..., moz:shutdownTimeout: 60000, moz:webdriverClick: true, moz:windowless: false, pageLoadStrategy: normal, platformName: mac, proxy: Proxy(), se:cdp: ws://127.0.0.1:34215/devtoo..., se:cdpVersion: 85.0, setWindowRect: true, strictFileInteractability: false, timeouts: {implicit: 0, pageLoad: 300000, script: 30000}, unhandledPromptBehavior: dismiss and notify, userAgent: Mozilla/5.0 (Macintosh; Int...}
Session ID: 3bf0f6a5-e699-4b66-a7fc-6e39c8ac2cb3
	at java.base/jdk.internal.reflect.NativeConstructorAccessorImpl.newInstance0(Native Method)
	at java.base/jdk.internal.reflect.NativeConstructorAccessorImpl.newInstance(NativeConstructorAccessorImpl.java:77)
	at java.base/jdk.internal.reflect.DelegatingConstructorAccessorImpl.newInstance(DelegatingConstructorAccessorImpl.java:45)
	at java.base/java.lang.reflect.Constructor.newInstanceWithCaller(Constructor.java:499)
	at java.base/java.lang.reflect.Constructor.newInstance(Constructor.java:480)
	at org.openqa.selenium.remote.ErrorCodec.decode(ErrorCodec.java:167)
	at org.openqa.selenium.remote.codec.w3c.W3CHttpResponseCodec.decode(W3CHttpResponseCodec.java:138)
	at org.openqa.selenium.remote.codec.w3c.W3CHttpResponseCodec.decode(W3CHttpResponseCodec.java:50)
	at org.openqa.selenium.remote.HttpCommandExecutor.execute(HttpCommandExecutor.java:190)
	at org.openqa.selenium.remote.service.DriverCommandExecutor.invokeExecute(DriverCommandExecutor.java:216)
	at org.openqa.selenium.remote.service.DriverCommandExecutor.execute(DriverCommandExecutor.java:174)
	at org.openqa.selenium.remote.RemoteWebDriver.execute(RemoteWebDriver.java:545)
	at org.openqa.selenium.remote.ElementLocation$ElementFinder$2.findElement(ElementLocation.java:165)
	at org.openqa.selenium.remote.ElementLocation.findElement(ElementLocation.java:59)
	at org.openqa.selenium.remote.RemoteWebDriver.findElement(RemoteWebDriver.java:368)
	at org.openqa.selenium.remote.RemoteWebDriver.findElement(RemoteWebDriver.java:362)
	at org.openqa.selenium.support.pagefactory.DefaultElementLocator.findElement(DefaultElementLocator.java:68)
	at org.openqa.selenium.support.pagefactory.internal.LocatingElementHandler.invoke(LocatingElementHandler.java:38)
	at jdk.proxy2/jdk.proxy2.$Proxy17.click(Unknown Source)
	at amazon_project1.Project1_Amazon.HomePage.signin(HomePage.java:72)
	at amazon_project1.Project1_Amazon.TestCase12_SelectEachPaymentmethod.SelectEachPaymentmethod(TestCase12_SelectEachPaymentmethod.java:18)
	at java.base/jdk.internal.reflect.NativeMethodAccessorImpl.invoke0(Native Method)
	at java.base/jdk.internal.reflect.NativeMethodAccessorImpl.invoke(NativeMethodAccessorImpl.java:77)
	at java.base/jdk.internal.reflect.DelegatingMethodAccessorImpl.invoke(DelegatingMethodAccessorImpl.java:43)
	at java.base/java.lang.reflect.Method.invoke(Method.java:568)
	at org.testng.internal.invokers.MethodInvocationHelper.invokeMethod(MethodInvocationHelper.java:141)
	at org.testng.internal.invokers.TestInvoker.invokeMethod(TestInvoker.java:686)
	at org.testng.internal.invokers.TestInvoker.retryFailed(TestInvoker.java:269)
	at org.testng.internal.invokers.MethodRunner.runInSequence(MethodRunner.java:76)
	at org.testng.internal.invokers.TestInvoker$MethodInvocationAgent.invoke(TestInvoker.java:992)
	at org.testng.internal.invokers.TestInvoker.invokeTestMethods(TestInvoker.java:203)
	at org.testng.internal.invokers.TestMethodWorker.invokeTestMethods(TestMethodWorker.java:154)
	at org.testng.internal.invokers.TestMethodWorker.run(TestMethodWorker.java:134)
	at java.base/java.util.ArrayList.forEach(ArrayList.java:1511)
	at org.testng.TestRunner.privateRun(TestRunner.java:739)
	at org.testng.TestRunner.run(TestRunner.java:614)
	at org.testng.SuiteRunner.runTest(SuiteRunner.java:421)
	at org.testng.SuiteRunner$SuiteWorker.run(SuiteRunner.java:463)
	at org.testng.internal.thread.ThreadUtil.lambda$execute$0(ThreadUtil.java:64)
	at java.base/java.util.concurrent.FutureTask.run(FutureTask.java:264)
	at java.base/java.util.concurrent.ThreadPoolExecutor.runWorker(ThreadPoolExecutor.java:1136)
	at java.base/java.util.concurrent.ThreadPoolExecutor$Worker.run(ThreadPoolExecutor.java:635)
	at java.base/java.lang.Thread.run(Thread.java:842)
]]></failure>
    <system-out><![CDATA[Test started
]]></system-out>
    <system-err><![CDATA[Jan 30, 2025 5:00:05 PM org.openqa.selenium.firefox.FirefoxDriver <init>
WARNING: CDP support for Firefox is deprecated and will be removed in future versions. Please switch to WebDriver BiDi.
]]></system-err>
  </testcase>
  <testcase name="ApplyCouponCodeWhileOrderingProduct" classname="amazon_project1.Project1_Amazon.TestCase13_ApplyCouponCodeWhileOrderingProduct" time="0.0">
    <skipped message="Unable to locate element: (//span[.=&apos;Sign in&apos;])[1]&#10;For documentation on this error, please visit: https://www.selenium.dev/documentation/webdriver/troubleshooting/errors#no-such-element-exception&#10;Build info: version: &apos;4.27.0&apos;, revision: &apos;d6e718d134&apos;&#10;System info: os.name: &apos;Mac OS X&apos;, os.arch: &apos;aarch64&apos;, os.version: &apos;15.2&apos;, java.version: &apos;17.0.12&apos;&#10;Driver info: org.openqa.selenium.firefox.FirefoxDriver&#10;Command: [53630675-e422-4f3c-bde2-bf78c2ae7a2b, findElement {value=(//span[.=&apos;Sign in&apos;])[1], using=xpath}]&#10;Capabilities {acceptInsecureCerts: true, browserName: firefox, browserVersion: 134.0.2, moz:accessibilityChecks: false, moz:buildID: 20250120135430, moz:debuggerAddress: 127.0.0.1:8690, moz:geckodriverVersion: 0.35.0, moz:headless: false, moz:platformVersion: 24.2.0, moz:processID: 29200, moz:profile: /var/folders/9p/klwwjzts4m1..., moz:shutdownTimeout: 60000, moz:webdriverClick: true, moz:windowless: false, pageLoadStrategy: normal, platformName: mac, proxy: Proxy(), se:cdp: ws://127.0.0.1:8690/devtool..., se:cdpVersion: 85.0, setWindowRect: true, strictFileInteractability: false, timeouts: {implicit: 0, pageLoad: 300000, script: 30000}, unhandledPromptBehavior: dismiss and notify, userAgent: Mozilla/5.0 (Macintosh; Int...}&#10;Session ID: 53630675-e422-4f3c-bde2-bf78c2ae7a2b"/>
    <system-out><![CDATA[Test started
]]></system-out>
    <system-err><![CDATA[Jan 30, 2025 5:00:30 PM org.openqa.selenium.firefox.FirefoxDriver <init>
WARNING: CDP support for Firefox is deprecated and will be removed in future versions. Please switch to WebDriver BiDi.
]]></system-err>
  </testcase>
  <testcase name="ApplyCouponCodeWhileOrderingProduct" classname="amazon_project1.Project1_Amazon.TestCase13_ApplyCouponCodeWhileOrderingProduct" time="14.171">
    <failure message="Unable to locate element: (//span[.=&apos;Sign in&apos;])[1]&#10;For documentation on this error, please visit: https://www.selenium.dev/documentation/webdriver/troubleshooting/errors#no-such-element-exception&#10;Build info: version: &apos;4.27.0&apos;, revision: &apos;d6e718d134&apos;&#10;System info: os.name: &apos;Mac OS X&apos;, os.arch: &apos;aarch64&apos;, os.version: &apos;15.2&apos;, java.version: &apos;17.0.12&apos;&#10;Driver info: org.openqa.selenium.firefox.FirefoxDriver&#10;Command: [cd312fb3-eebe-4114-b6b4-e44bf95d6a80, findElement {value=(//span[.=&apos;Sign in&apos;])[1], using=xpath}]&#10;Capabilities {acceptInsecureCerts: true, browserName: firefox, browserVersion: 134.0.2, moz:accessibilityChecks: false, moz:buildID: 20250120135430, moz:debuggerAddress: 127.0.0.1:4576, moz:geckodriverVersion: 0.35.0, moz:headless: false, moz:platformVersion: 24.2.0, moz:processID: 29244, moz:profile: /var/folders/9p/klwwjzts4m1..., moz:shutdownTimeout: 60000, moz:webdriverClick: true, moz:windowless: false, pageLoadStrategy: normal, platformName: mac, proxy: Proxy(), se:cdp: ws://127.0.0.1:4576/devtool..., se:cdpVersion: 85.0, setWindowRect: true, strictFileInteractability: false, timeouts: {implicit: 0, pageLoad: 300000, script: 30000}, unhandledPromptBehavior: dismiss and notify, userAgent: Mozilla/5.0 (Macintosh; Int...}&#10;Session ID: cd312fb3-eebe-4114-b6b4-e44bf95d6a80" type="org.openqa.selenium.NoSuchElementException"><![CDATA[org.openqa.selenium.NoSuchElementException: 
Unable to locate element: (//span[.='Sign in'])[1]
For documentation on this error, please visit: https://www.selenium.dev/documentation/webdriver/troubleshooting/errors#no-such-element-exception
Build info: version: '4.27.0', revision: 'd6e718d134'
System info: os.name: 'Mac OS X', os.arch: 'aarch64', os.version: '15.2', java.version: '17.0.12'
Driver info: org.openqa.selenium.firefox.FirefoxDriver
Command: [cd312fb3-eebe-4114-b6b4-e44bf95d6a80, findElement {value=(//span[.='Sign in'])[1], using=xpath}]
Capabilities {acceptInsecureCerts: true, browserName: firefox, browserVersion: 134.0.2, moz:accessibilityChecks: false, moz:buildID: 20250120135430, moz:debuggerAddress: 127.0.0.1:4576, moz:geckodriverVersion: 0.35.0, moz:headless: false, moz:platformVersion: 24.2.0, moz:processID: 29244, moz:profile: /var/folders/9p/klwwjzts4m1..., moz:shutdownTimeout: 60000, moz:webdriverClick: true, moz:windowless: false, pageLoadStrategy: normal, platformName: mac, proxy: Proxy(), se:cdp: ws://127.0.0.1:4576/devtool..., se:cdpVersion: 85.0, setWindowRect: true, strictFileInteractability: false, timeouts: {implicit: 0, pageLoad: 300000, script: 30000}, unhandledPromptBehavior: dismiss and notify, userAgent: Mozilla/5.0 (Macintosh; Int...}
Session ID: cd312fb3-eebe-4114-b6b4-e44bf95d6a80
	at jdk.internal.reflect.GeneratedConstructorAccessor50.newInstance(Unknown Source)
	at java.base/jdk.internal.reflect.DelegatingConstructorAccessorImpl.newInstance(DelegatingConstructorAccessorImpl.java:45)
	at java.base/java.lang.reflect.Constructor.newInstanceWithCaller(Constructor.java:499)
	at java.base/java.lang.reflect.Constructor.newInstance(Constructor.java:480)
	at org.openqa.selenium.remote.ErrorCodec.decode(ErrorCodec.java:167)
	at org.openqa.selenium.remote.codec.w3c.W3CHttpResponseCodec.decode(W3CHttpResponseCodec.java:138)
	at org.openqa.selenium.remote.codec.w3c.W3CHttpResponseCodec.decode(W3CHttpResponseCodec.java:50)
	at org.openqa.selenium.remote.HttpCommandExecutor.execute(HttpCommandExecutor.java:190)
	at org.openqa.selenium.remote.service.DriverCommandExecutor.invokeExecute(DriverCommandExecutor.java:216)
	at org.openqa.selenium.remote.service.DriverCommandExecutor.execute(DriverCommandExecutor.java:174)
	at org.openqa.selenium.remote.RemoteWebDriver.execute(RemoteWebDriver.java:545)
	at org.openqa.selenium.remote.ElementLocation$ElementFinder$2.findElement(ElementLocation.java:165)
	at org.openqa.selenium.remote.ElementLocation.findElement(ElementLocation.java:59)
	at org.openqa.selenium.remote.RemoteWebDriver.findElement(RemoteWebDriver.java:368)
	at org.openqa.selenium.remote.RemoteWebDriver.findElement(RemoteWebDriver.java:362)
	at org.openqa.selenium.support.pagefactory.DefaultElementLocator.findElement(DefaultElementLocator.java:68)
	at org.openqa.selenium.support.pagefactory.internal.LocatingElementHandler.invoke(LocatingElementHandler.java:38)
	at jdk.proxy2/jdk.proxy2.$Proxy17.click(Unknown Source)
	at amazon_project1.Project1_Amazon.HomePage.signin(HomePage.java:72)
	at amazon_project1.Project1_Amazon.TestCase13_ApplyCouponCodeWhileOrderingProduct.ApplyCouponCodeWhileOrderingProduct(TestCase13_ApplyCouponCodeWhileOrderingProduct.java:19)
	at java.base/jdk.internal.reflect.NativeMethodAccessorImpl.invoke0(Native Method)
	at java.base/jdk.internal.reflect.NativeMethodAccessorImpl.invoke(NativeMethodAccessorImpl.java:77)
	at java.base/jdk.internal.reflect.DelegatingMethodAccessorImpl.invoke(DelegatingMethodAccessorImpl.java:43)
	at java.base/java.lang.reflect.Method.invoke(Method.java:568)
	at org.testng.internal.invokers.MethodInvocationHelper.invokeMethod(MethodInvocationHelper.java:141)
	at org.testng.internal.invokers.TestInvoker.invokeMethod(TestInvoker.java:686)
	at org.testng.internal.invokers.TestInvoker.retryFailed(TestInvoker.java:269)
	at org.testng.internal.invokers.MethodRunner.runInSequence(MethodRunner.java:76)
	at org.testng.internal.invokers.TestInvoker$MethodInvocationAgent.invoke(TestInvoker.java:992)
	at org.testng.internal.invokers.TestInvoker.invokeTestMethods(TestInvoker.java:203)
	at org.testng.internal.invokers.TestMethodWorker.invokeTestMethods(TestMethodWorker.java:154)
	at org.testng.internal.invokers.TestMethodWorker.run(TestMethodWorker.java:134)
	at java.base/java.util.ArrayList.forEach(ArrayList.java:1511)
	at org.testng.TestRunner.privateRun(TestRunner.java:739)
	at org.testng.TestRunner.run(TestRunner.java:614)
	at org.testng.SuiteRunner.runTest(SuiteRunner.java:421)
	at org.testng.SuiteRunner$SuiteWorker.run(SuiteRunner.java:463)
	at org.testng.internal.thread.ThreadUtil.lambda$execute$0(ThreadUtil.java:64)
	at java.base/java.util.concurrent.FutureTask.run(FutureTask.java:264)
	at java.base/java.util.concurrent.ThreadPoolExecutor.runWorker(ThreadPoolExecutor.java:1136)
	at java.base/java.util.concurrent.ThreadPoolExecutor$Worker.run(ThreadPoolExecutor.java:635)
	at java.base/java.lang.Thread.run(Thread.java:842)
]]></failure>
    <system-out><![CDATA[Test started
]]></system-out>
    <system-err><![CDATA[Jan 30, 2025 5:00:54 PM org.openqa.selenium.firefox.FirefoxDriver <init>
WARNING: CDP support for Firefox is deprecated and will be removed in future versions. Please switch to WebDriver BiDi.
]]></system-err>
  </testcase>
  <testcase name="Orders_Review" classname="amazon_project1.Project1_Amazon.TestCase14_Orders_Review" time="0.0">
    <skipped message="Unable to locate element: (//span[.=&apos;Sign in&apos;])[1]&#10;For documentation on this error, please visit: https://www.selenium.dev/documentation/webdriver/troubleshooting/errors#no-such-element-exception&#10;Build info: version: &apos;4.27.0&apos;, revision: &apos;d6e718d134&apos;&#10;System info: os.name: &apos;Mac OS X&apos;, os.arch: &apos;aarch64&apos;, os.version: &apos;15.2&apos;, java.version: &apos;17.0.12&apos;&#10;Driver info: org.openqa.selenium.firefox.FirefoxDriver&#10;Command: [69732b16-9faf-4de9-b15b-ee6b4da62df9, findElement {value=(//span[.=&apos;Sign in&apos;])[1], using=xpath}]&#10;Capabilities {acceptInsecureCerts: true, browserName: firefox, browserVersion: 134.0.2, moz:accessibilityChecks: false, moz:buildID: 20250120135430, moz:debuggerAddress: 127.0.0.1:6980, moz:geckodriverVersion: 0.35.0, moz:headless: false, moz:platformVersion: 24.2.0, moz:processID: 29293, moz:profile: /var/folders/9p/klwwjzts4m1..., moz:shutdownTimeout: 60000, moz:webdriverClick: true, moz:windowless: false, pageLoadStrategy: normal, platformName: mac, proxy: Proxy(), se:cdp: ws://127.0.0.1:6980/devtool..., se:cdpVersion: 85.0, setWindowRect: true, strictFileInteractability: false, timeouts: {implicit: 0, pageLoad: 300000, script: 30000}, unhandledPromptBehavior: dismiss and notify, userAgent: Mozilla/5.0 (Macintosh; Int...}&#10;Session ID: 69732b16-9faf-4de9-b15b-ee6b4da62df9"/>
    <system-out><![CDATA[Test started
]]></system-out>
    <system-err><![CDATA[Jan 30, 2025 5:01:17 PM org.openqa.selenium.firefox.FirefoxDriver <init>
WARNING: CDP support for Firefox is deprecated and will be removed in future versions. Please switch to WebDriver BiDi.
]]></system-err>
  </testcase>
  <testcase name="Orders_Review" classname="amazon_project1.Project1_Amazon.TestCase14_Orders_Review" time="14.168">
    <failure message="Unable to locate element: (//span[.=&apos;Sign in&apos;])[1]&#10;For documentation on this error, please visit: https://www.selenium.dev/documentation/webdriver/troubleshooting/errors#no-such-element-exception&#10;Build info: version: &apos;4.27.0&apos;, revision: &apos;d6e718d134&apos;&#10;System info: os.name: &apos;Mac OS X&apos;, os.arch: &apos;aarch64&apos;, os.version: &apos;15.2&apos;, java.version: &apos;17.0.12&apos;&#10;Driver info: org.openqa.selenium.firefox.FirefoxDriver&#10;Command: [20da4291-99ac-4524-8212-ec42a492f5c2, findElement {value=(//span[.=&apos;Sign in&apos;])[1], using=xpath}]&#10;Capabilities {acceptInsecureCerts: true, browserName: firefox, browserVersion: 134.0.2, moz:accessibilityChecks: false, moz:buildID: 20250120135430, moz:debuggerAddress: 127.0.0.1:32064, moz:geckodriverVersion: 0.35.0, moz:headless: false, moz:platformVersion: 24.2.0, moz:processID: 29322, moz:profile: /var/folders/9p/klwwjzts4m1..., moz:shutdownTimeout: 60000, moz:webdriverClick: true, moz:windowless: false, pageLoadStrategy: normal, platformName: mac, proxy: Proxy(), se:cdp: ws://127.0.0.1:32064/devtoo..., se:cdpVersion: 85.0, setWindowRect: true, strictFileInteractability: false, timeouts: {implicit: 0, pageLoad: 300000, script: 30000}, unhandledPromptBehavior: dismiss and notify, userAgent: Mozilla/5.0 (Macintosh; Int...}&#10;Session ID: 20da4291-99ac-4524-8212-ec42a492f5c2" type="org.openqa.selenium.NoSuchElementException"><![CDATA[org.openqa.selenium.NoSuchElementException: 
Unable to locate element: (//span[.='Sign in'])[1]
For documentation on this error, please visit: https://www.selenium.dev/documentation/webdriver/troubleshooting/errors#no-such-element-exception
Build info: version: '4.27.0', revision: 'd6e718d134'
System info: os.name: 'Mac OS X', os.arch: 'aarch64', os.version: '15.2', java.version: '17.0.12'
Driver info: org.openqa.selenium.firefox.FirefoxDriver
Command: [20da4291-99ac-4524-8212-ec42a492f5c2, findElement {value=(//span[.='Sign in'])[1], using=xpath}]
Capabilities {acceptInsecureCerts: true, browserName: firefox, browserVersion: 134.0.2, moz:accessibilityChecks: false, moz:buildID: 20250120135430, moz:debuggerAddress: 127.0.0.1:32064, moz:geckodriverVersion: 0.35.0, moz:headless: false, moz:platformVersion: 24.2.0, moz:processID: 29322, moz:profile: /var/folders/9p/klwwjzts4m1..., moz:shutdownTimeout: 60000, moz:webdriverClick: true, moz:windowless: false, pageLoadStrategy: normal, platformName: mac, proxy: Proxy(), se:cdp: ws://127.0.0.1:32064/devtoo..., se:cdpVersion: 85.0, setWindowRect: true, strictFileInteractability: false, timeouts: {implicit: 0, pageLoad: 300000, script: 30000}, unhandledPromptBehavior: dismiss and notify, userAgent: Mozilla/5.0 (Macintosh; Int...}
Session ID: 20da4291-99ac-4524-8212-ec42a492f5c2
	at jdk.internal.reflect.GeneratedConstructorAccessor50.newInstance(Unknown Source)
	at java.base/jdk.internal.reflect.DelegatingConstructorAccessorImpl.newInstance(DelegatingConstructorAccessorImpl.java:45)
	at java.base/java.lang.reflect.Constructor.newInstanceWithCaller(Constructor.java:499)
	at java.base/java.lang.reflect.Constructor.newInstance(Constructor.java:480)
	at org.openqa.selenium.remote.ErrorCodec.decode(ErrorCodec.java:167)
	at org.openqa.selenium.remote.codec.w3c.W3CHttpResponseCodec.decode(W3CHttpResponseCodec.java:138)
	at org.openqa.selenium.remote.codec.w3c.W3CHttpResponseCodec.decode(W3CHttpResponseCodec.java:50)
	at org.openqa.selenium.remote.HttpCommandExecutor.execute(HttpCommandExecutor.java:190)
	at org.openqa.selenium.remote.service.DriverCommandExecutor.invokeExecute(DriverCommandExecutor.java:216)
	at org.openqa.selenium.remote.service.DriverCommandExecutor.execute(DriverCommandExecutor.java:174)
	at org.openqa.selenium.remote.RemoteWebDriver.execute(RemoteWebDriver.java:545)
	at org.openqa.selenium.remote.ElementLocation$ElementFinder$2.findElement(ElementLocation.java:165)
	at org.openqa.selenium.remote.ElementLocation.findElement(ElementLocation.java:59)
	at org.openqa.selenium.remote.RemoteWebDriver.findElement(RemoteWebDriver.java:368)
	at org.openqa.selenium.remote.RemoteWebDriver.findElement(RemoteWebDriver.java:362)
	at org.openqa.selenium.support.pagefactory.DefaultElementLocator.findElement(DefaultElementLocator.java:68)
	at org.openqa.selenium.support.pagefactory.internal.LocatingElementHandler.invoke(LocatingElementHandler.java:38)
	at jdk.proxy2/jdk.proxy2.$Proxy17.click(Unknown Source)
	at amazon_project1.Project1_Amazon.HomePage.signin(HomePage.java:72)
	at amazon_project1.Project1_Amazon.TestCase14_Orders_Review.Orders_Review(TestCase14_Orders_Review.java:20)
	at java.base/jdk.internal.reflect.NativeMethodAccessorImpl.invoke0(Native Method)
	at java.base/jdk.internal.reflect.NativeMethodAccessorImpl.invoke(NativeMethodAccessorImpl.java:77)
	at java.base/jdk.internal.reflect.DelegatingMethodAccessorImpl.invoke(DelegatingMethodAccessorImpl.java:43)
	at java.base/java.lang.reflect.Method.invoke(Method.java:568)
	at org.testng.internal.invokers.MethodInvocationHelper.invokeMethod(MethodInvocationHelper.java:141)
	at org.testng.internal.invokers.TestInvoker.invokeMethod(TestInvoker.java:686)
	at org.testng.internal.invokers.TestInvoker.retryFailed(TestInvoker.java:269)
	at org.testng.internal.invokers.MethodRunner.runInSequence(MethodRunner.java:76)
	at org.testng.internal.invokers.TestInvoker$MethodInvocationAgent.invoke(TestInvoker.java:992)
	at org.testng.internal.invokers.TestInvoker.invokeTestMethods(TestInvoker.java:203)
	at org.testng.internal.invokers.TestMethodWorker.invokeTestMethods(TestMethodWorker.java:154)
	at org.testng.internal.invokers.TestMethodWorker.run(TestMethodWorker.java:134)
	at java.base/java.util.ArrayList.forEach(ArrayList.java:1511)
	at org.testng.TestRunner.privateRun(TestRunner.java:739)
	at org.testng.TestRunner.run(TestRunner.java:614)
	at org.testng.SuiteRunner.runTest(SuiteRunner.java:421)
	at org.testng.SuiteRunner$SuiteWorker.run(SuiteRunner.java:463)
	at org.testng.internal.thread.ThreadUtil.lambda$execute$0(ThreadUtil.java:64)
	at java.base/java.util.concurrent.FutureTask.run(FutureTask.java:264)
	at java.base/java.util.concurrent.ThreadPoolExecutor.runWorker(ThreadPoolExecutor.java:1136)
	at java.base/java.util.concurrent.ThreadPoolExecutor$Worker.run(ThreadPoolExecutor.java:635)
	at java.base/java.lang.Thread.run(Thread.java:842)
]]></failure>
    <system-out><![CDATA[Test started
]]></system-out>
    <system-err><![CDATA[Jan 30, 2025 5:01:41 PM org.openqa.selenium.firefox.FirefoxDriver <init>
WARNING: CDP support for Firefox is deprecated and will be removed in future versions. Please switch to WebDriver BiDi.
]]></system-err>
  </testcase>
  <testcase name="Cart_WithoutLogin" classname="amazon_project1.Project1_Amazon.TestCase15_Cart_WithoutLogin" time="11.475">
    <system-out><![CDATA[Test started
]]></system-out>
    <system-err><![CDATA[Jan 30, 2025 5:02:03 PM org.openqa.selenium.firefox.FirefoxDriver <init>
WARNING: CDP support for Firefox is deprecated and will be removed in future versions. Please switch to WebDriver BiDi.
]]></system-err>
  </testcase>
</testsuite>